<?xml version="1.0" encoding="UTF-8"?>
<coverage generated="1757338361017" clover="3.2.0">
  <project timestamp="1757338361017" name="All files">
    <metrics statements="504" coveredstatements="454" conditionals="172" coveredconditionals="145" methods="54" coveredmethods="36" elements="730" coveredelements="635" complexity="0" loc="504" ncloc="504" packages="5" files="7" classes="7"/>
    <package name="src">
      <metrics statements="50" coveredstatements="50" conditionals="13" coveredconditionals="13" methods="15" coveredmethods="10"/>
      <file name="index.ts" path="/home/runner/work/pklib-ts/pklib-ts/src/index.ts">
        <metrics statements="15" coveredstatements="15" conditionals="1" coveredconditionals="1" methods="9" coveredmethods="4"/>
        <line num="7" count="2" type="stmt"/>
        <line num="10" count="2" type="stmt"/>
        <line num="13" count="3" type="stmt"/>
        <line num="14" count="8" type="stmt"/>
        <line num="17" count="2" type="stmt"/>
        <line num="18" count="2" type="stmt"/>
        <line num="21" count="2" type="stmt"/>
        <line num="27" count="2" type="cond" truecount="1" falsecount="0"/>
        <line num="29" count="17" type="stmt"/>
        <line num="96" count="17" type="stmt"/>
        <line num="98" count="17" type="stmt"/>
        <line num="99" count="1212" type="stmt"/>
        <line num="102" count="17" type="stmt"/>
        <line num="108" count="2" type="stmt"/>
        <line num="113" count="1" type="stmt"/>
      </file>
      <file name="types.ts" path="/home/runner/work/pklib-ts/pklib-ts/src/types.ts">
        <metrics statements="35" coveredstatements="35" conditionals="12" coveredconditionals="12" methods="6" coveredmethods="6"/>
        <line num="7" count="38" type="stmt"/>
        <line num="8" count="38" type="stmt"/>
        <line num="11" count="38" type="cond" truecount="2" falsecount="0"/>
        <line num="12" count="38" type="stmt"/>
        <line num="13" count="38" type="stmt"/>
        <line num="14" count="38" type="stmt"/>
        <line num="15" count="38" type="stmt"/>
        <line num="16" count="38" type="stmt"/>
        <line num="20" count="38" type="cond" truecount="2" falsecount="0"/>
        <line num="21" count="38" type="stmt"/>
        <line num="22" count="38" type="stmt"/>
        <line num="26" count="38" type="cond" truecount="2" falsecount="0"/>
        <line num="27" count="38" type="stmt"/>
        <line num="28" count="38" type="stmt"/>
        <line num="29" count="38" type="stmt"/>
        <line num="33" count="38" type="cond" truecount="2" falsecount="0"/>
        <line num="34" count="38" type="stmt"/>
        <line num="35" count="38" type="stmt"/>
        <line num="36" count="38" type="stmt"/>
        <line num="40" count="38" type="cond" truecount="2" falsecount="0"/>
        <line num="41" count="38" type="stmt"/>
        <line num="42" count="38" type="stmt"/>
        <line num="43" count="38" type="stmt"/>
        <line num="44" count="38" type="stmt"/>
        <line num="48" count="38" type="cond" truecount="2" falsecount="0"/>
        <line num="49" count="38" type="stmt"/>
        <line num="50" count="38" type="stmt"/>
        <line num="51" count="38" type="stmt"/>
        <line num="55" count="38" type="stmt"/>
        <line num="56" count="38" type="stmt"/>
        <line num="57" count="38" type="stmt"/>
        <line num="58" count="38" type="stmt"/>
        <line num="59" count="38" type="stmt"/>
        <line num="62" count="38" type="stmt"/>
        <line num="63" count="38" type="stmt"/>
      </file>
    </package>
    <package name="src.PKWareLUT">
      <metrics statements="11" coveredstatements="10" conditionals="0" coveredconditionals="0" methods="1" coveredmethods="0"/>
      <file name="PKWareLUTs.ts" path="/home/runner/work/pklib-ts/pklib-ts/src/PKWareLUT/PKWareLUTs.ts">
        <metrics statements="11" coveredstatements="10" conditionals="0" coveredconditionals="0" methods="1" coveredmethods="0"/>
        <line num="6" count="38" type="stmt"/>
        <line num="8" count="38" type="stmt"/>
        <line num="15" count="38" type="stmt"/>
        <line num="22" count="38" type="stmt"/>
        <line num="26" count="38" type="stmt"/>
        <line num="31" count="38" type="stmt"/>
        <line num="35" count="38" type="stmt"/>
        <line num="39" count="38" type="stmt"/>
        <line num="58" count="38" type="stmt"/>
        <line num="94" count="38" type="stmt"/>
        <line num="100" count="0" type="stmt"/>
      </file>
    </package>
    <package name="src.common">
      <metrics statements="62" coveredstatements="36" conditionals="15" coveredconditionals="9" methods="21" coveredmethods="9"/>
      <file name="BitStream.ts" path="/home/runner/work/pklib-ts/pklib-ts/src/common/BitStream.ts">
        <metrics statements="35" coveredstatements="28" conditionals="9" coveredconditionals="9" methods="10" coveredmethods="6"/>
        <line num="6" count="22" type="stmt"/>
        <line num="7" count="31" type="stmt"/>
        <line num="8" count="31" type="stmt"/>
        <line num="10" count="31" type="stmt"/>
        <line num="11" count="31" type="stmt"/>
        <line num="15" count="31" type="stmt"/>
        <line num="16" count="31" type="stmt"/>
        <line num="24" count="31" type="stmt"/>
        <line num="25" count="31" type="stmt"/>
        <line num="32" count="31958" type="cond" truecount="2" falsecount="0"/>
        <line num="33" count="67" type="stmt"/>
        <line num="34" count="67" type="stmt"/>
        <line num="35" count="67" type="cond" truecount="2" falsecount="0"/>
        <line num="36" count="31" type="stmt"/>
        <line num="39" count="31927" type="stmt"/>
        <line num="48" count="64664" type="cond" truecount="2" falsecount="0"/>
        <line num="49" count="32706" type="stmt"/>
        <line num="50" count="32706" type="stmt"/>
        <line num="51" count="32706" type="stmt"/>
        <line num="55" count="31958" type="cond" truecount="2" falsecount="0"/>
        <line num="56" count="31" type="stmt"/>
        <line num="61" count="31927" type="stmt"/>
        <line num="62" count="31927" type="stmt"/>
        <line num="65" count="31927" type="stmt"/>
        <line num="66" count="31927" type="stmt"/>
        <line num="68" count="31927" type="stmt"/>
        <line num="75" count="0" type="stmt"/>
        <line num="82" count="40801" type="stmt"/>
        <line num="89" count="0" type="stmt"/>
        <line num="96" count="23863" type="stmt"/>
        <line num="103" count="0" type="stmt"/>
        <line num="110" count="0" type="stmt"/>
        <line num="111" count="0" type="stmt"/>
        <line num="112" count="0" type="stmt"/>
        <line num="113" count="0" type="stmt"/>
      </file>
      <file name="SlidingWindow.ts" path="/home/runner/work/pklib-ts/pklib-ts/src/common/SlidingWindow.ts">
        <metrics statements="27" coveredstatements="8" conditionals="6" coveredconditionals="0" methods="11" coveredmethods="3"/>
        <line num="6" count="22" type="stmt"/>
        <line num="8" count="31" type="stmt"/>
        <line num="12" count="31" type="stmt"/>
        <line num="13" count="31" type="stmt"/>
        <line num="20" count="55871" type="stmt"/>
        <line num="21" count="55871" type="stmt"/>
        <line num="28" count="0" type="cond" truecount="0" falsecount="2"/>
        <line num="29" count="0" type="stmt"/>
        <line num="30" count="0" type="stmt"/>
        <line num="38" count="40087" type="stmt"/>
        <line num="39" count="40087" type="stmt"/>
        <line num="46" count="0" type="stmt"/>
        <line num="47" count="0" type="cond" truecount="0" falsecount="2"/>
        <line num="48" count="0" type="stmt"/>
        <line num="49" count="0" type="stmt"/>
        <line num="50" count="0" type="stmt"/>
        <line num="51" count="0" type="stmt"/>
        <line num="53" count="0" type="stmt"/>
        <line num="60" count="0" type="stmt"/>
        <line num="67" count="0" type="stmt"/>
        <line num="74" count="0" type="stmt"/>
        <line num="75" count="0" type="stmt"/>
        <line num="82" count="0" type="stmt"/>
        <line num="89" count="0" type="stmt"/>
        <line num="96" count="0" type="stmt"/>
        <line num="97" count="0" type="stmt"/>
        <line num="98" count="0" type="stmt"/>
      </file>
    </package>
    <package name="src.explode">
      <metrics statements="193" coveredstatements="172" conditionals="70" coveredconditionals="55" methods="7" coveredmethods="7"/>
      <file name="explode.ts" path="/home/runner/work/pklib-ts/pklib-ts/src/explode/explode.ts">
        <metrics statements="193" coveredstatements="172" conditionals="70" coveredconditionals="55" methods="7" coveredmethods="7"/>
        <line num="6" count="22" type="stmt"/>
        <line num="18" count="22" type="stmt"/>
        <line num="19" count="22" type="stmt"/>
        <line num="20" count="22" type="stmt"/>
        <line num="35" count="31" type="stmt"/>
        <line num="36" count="31" type="stmt"/>
        <line num="37" count="31" type="stmt"/>
        <line num="38" count="31" type="stmt"/>
        <line num="44" count="31" type="stmt"/>
        <line num="45" count="31" type="stmt"/>
        <line num="46" count="31" type="stmt"/>
        <line num="47" count="31" type="stmt"/>
        <line num="48" count="31" type="stmt"/>
        <line num="49" count="31" type="stmt"/>
        <line num="50" count="31" type="stmt"/>
        <line num="51" count="31" type="stmt"/>
        <line num="52" count="31" type="stmt"/>
        <line num="53" count="31" type="stmt"/>
        <line num="54" count="31" type="stmt"/>
        <line num="57" count="31" type="stmt"/>
        <line num="58" count="31" type="stmt"/>
        <line num="61" count="31" type="stmt"/>
        <line num="62" count="31" type="stmt"/>
        <line num="63" count="31" type="stmt"/>
        <line num="64" count="31" type="stmt"/>
        <line num="65" count="31" type="stmt"/>
        <line num="78" count="62" type="stmt"/>
        <line num="79" count="2480" type="stmt"/>
        <line num="80" count="2480" type="stmt"/>
        <line num="81" count="15872" type="stmt"/>
        <line num="90" count="6" type="stmt"/>
        <line num="91" count="1536" type="stmt"/>
        <line num="92" count="1536" type="stmt"/>
        <line num="94" count="1536" type="cond" truecount="2" falsecount="0"/>
        <line num="95" count="414" type="stmt"/>
        <line num="96" count="414" type="stmt"/>
        <line num="98" count="414" type="stmt"/>
        <line num="99" count="1452" type="stmt"/>
        <line num="100" count="1452" type="stmt"/>
        <line num="102" count="1122" type="cond" truecount="2" falsecount="0"/>
        <line num="103" count="930" type="stmt"/>
        <line num="105" count="930" type="cond" truecount="2" falsecount="0"/>
        <line num="106" count="516" type="stmt"/>
        <line num="107" count="516" type="stmt"/>
        <line num="109" count="516" type="stmt"/>
        <line num="110" count="516" type="stmt"/>
        <line num="111" count="516" type="stmt"/>
        <line num="112" count="960" type="stmt"/>
        <line num="113" count="960" type="stmt"/>
        <line num="116" count="414" type="stmt"/>
        <line num="117" count="414" type="stmt"/>
        <line num="119" count="414" type="stmt"/>
        <line num="120" count="414" type="stmt"/>
        <line num="121" count="414" type="stmt"/>
        <line num="122" count="576" type="stmt"/>
        <line num="123" count="576" type="stmt"/>
        <line num="127" count="192" type="stmt"/>
        <line num="128" count="192" type="stmt"/>
        <line num="130" count="192" type="stmt"/>
        <line num="131" count="192" type="stmt"/>
        <line num="132" count="192" type="stmt"/>
        <line num="133" count="1536" type="stmt"/>
        <line num="134" count="1536" type="stmt"/>
        <line num="149" count="23863" type="cond" truecount="2" falsecount="0"/>
        <line num="151" count="8078" type="cond" truecount="1" falsecount="1"/>
        <line num="152" count="0" type="stmt"/>
        <line num="156" count="8078" type="stmt"/>
        <line num="159" count="8078" type="cond" truecount="1" falsecount="1"/>
        <line num="160" count="0" type="stmt"/>
        <line num="164" count="8078" type="stmt"/>
        <line num="165" count="8078" type="cond" truecount="2" falsecount="0"/>
        <line num="166" count="815" type="stmt"/>
        <line num="168" count="815" type="cond" truecount="2" falsecount="0"/>
        <line num="169" count="28" type="stmt"/>
        <line num="172" count="787" type="stmt"/>
        <line num="179" count="787" type="stmt"/>
        <line num="182" count="7263" type="stmt"/>
        <line num="189" count="7263" type="stmt"/>
        <line num="192" count="15785" type="cond" truecount="1" falsecount="1"/>
        <line num="193" count="0" type="stmt"/>
        <line num="194" count="0" type="stmt"/>
        <line num="198" count="15785" type="cond" truecount="2" falsecount="0"/>
        <line num="200" count="2134" type="stmt"/>
        <line num="201" count="2134" type="cond" truecount="2" falsecount="0"/>
        <line num="202" count="25" type="cond" truecount="1" falsecount="1"/>
        <line num="203" count="25" type="cond" truecount="1" falsecount="1"/>
        <line num="204" count="0" type="stmt"/>
        <line num="207" count="25" type="stmt"/>
        <line num="208" count="25" type="cond" truecount="1" falsecount="1"/>
        <line num="209" count="0" type="stmt"/>
        <line num="212" count="25" type="stmt"/>
        <line num="214" count="0" type="cond" truecount="0" falsecount="2"/>
        <line num="215" count="0" type="stmt"/>
        <line num="218" count="0" type="stmt"/>
        <line num="219" count="0" type="cond" truecount="0" falsecount="2"/>
        <line num="220" count="0" type="stmt"/>
        <line num="223" count="0" type="stmt"/>
        <line num="226" count="2109" type="stmt"/>
        <line num="227" count="2109" type="cond" truecount="2" falsecount="0"/>
        <line num="228" count="1" type="stmt"/>
        <line num="231" count="2108" type="stmt"/>
        <line num="235" count="13651" type="stmt"/>
        <line num="236" count="13651" type="cond" truecount="1" falsecount="1"/>
        <line num="237" count="0" type="stmt"/>
        <line num="240" count="13651" type="stmt"/>
        <line num="250" count="8050" type="stmt"/>
        <line num="251" count="8050" type="stmt"/>
        <line num="253" count="8050" type="cond" truecount="2" falsecount="0"/>
        <line num="254" count="2" type="stmt"/>
        <line num="257" count="8048" type="cond" truecount="2" falsecount="0"/>
        <line num="259" count="2221" type="stmt"/>
        <line num="260" count="2221" type="cond" truecount="1" falsecount="1"/>
        <line num="261" count="0" type="stmt"/>
        <line num="264" count="2221" type="stmt"/>
        <line num="267" count="5827" type="stmt"/>
        <line num="268" count="5827" type="cond" truecount="1" falsecount="1"/>
        <line num="269" count="0" type="stmt"/>
        <line num="272" count="5827" type="stmt"/>
        <line num="280" count="22" type="stmt"/>
        <line num="284" count="43" type="stmt"/>
        <line num="286" count="43" type="stmt"/>
        <line num="287" count="43" type="stmt"/>
        <line num="289" count="42" type="cond" truecount="2" falsecount="0"/>
        <line num="290" count="6" type="stmt"/>
        <line num="297" count="36" type="stmt"/>
        <line num="298" count="36" type="stmt"/>
        <line num="299" count="36" type="stmt"/>
        <line num="302" count="36" type="cond" truecount="4" falsecount="0"/>
        <line num="303" count="1" type="stmt"/>
        <line num="311" count="35" type="cond" truecount="4" falsecount="0"/>
        <line num="312" count="11" type="stmt"/>
        <line num="313" count="2" type="stmt"/>
        <line num="314" count="18" type="stmt"/>
        <line num="316" count="4" type="stmt"/>
        <line num="323" count="31" type="stmt"/>
        <line num="326" count="31" type="stmt"/>
        <line num="327" count="31" type="stmt"/>
        <line num="328" count="31" type="stmt"/>
        <line num="331" count="31" type="stmt"/>
        <line num="334" count="31" type="stmt"/>
        <line num="335" count="31" type="stmt"/>
        <line num="337" count="31" type="cond" truecount="2" falsecount="0"/>
        <line num="338" count="6" type="stmt"/>
        <line num="341" count="31" type="stmt"/>
        <line num="342" count="31" type="stmt"/>
        <line num="343" count="31" type="stmt"/>
        <line num="346" count="31" type="stmt"/>
        <line num="347" count="31" type="stmt"/>
        <line num="348" count="23863" type="stmt"/>
        <line num="349" count="23863" type="stmt"/>
        <line num="351" count="23863" type="cond" truecount="2" falsecount="0"/>
        <line num="353" count="29" type="stmt"/>
        <line num="354" count="29" type="stmt"/>
        <line num="357" count="23834" type="cond" truecount="1" falsecount="1"/>
        <line num="359" count="0" type="stmt"/>
        <line num="360" count="0" type="stmt"/>
        <line num="363" count="23834" type="cond" truecount="2" falsecount="0"/>
        <line num="365" count="15784" type="stmt"/>
        <line num="366" count="15784" type="stmt"/>
        <line num="367" count="15784" type="stmt"/>
        <line num="369" count="15784" type="cond" truecount="1" falsecount="1"/>
        <line num="370" count="0" type="stmt"/>
        <line num="371" count="0" type="stmt"/>
        <line num="372" count="0" type="stmt"/>
        <line num="373" count="0" type="stmt"/>
        <line num="377" count="8050" type="stmt"/>
        <line num="378" count="8050" type="stmt"/>
        <line num="380" count="8050" type="cond" truecount="2" falsecount="0"/>
        <line num="381" count="2" type="stmt"/>
        <line num="382" count="2" type="stmt"/>
        <line num="385" count="8048" type="stmt"/>
        <line num="386" count="40087" type="stmt"/>
        <line num="387" count="40087" type="stmt"/>
        <line num="388" count="40087" type="stmt"/>
        <line num="389" count="40087" type="stmt"/>
        <line num="391" count="40087" type="cond" truecount="2" falsecount="0"/>
        <line num="392" count="5" type="stmt"/>
        <line num="393" count="5" type="stmt"/>
        <line num="394" count="5" type="stmt"/>
        <line num="395" count="5" type="stmt"/>
        <line num="402" count="31" type="cond" truecount="2" falsecount="0"/>
        <line num="403" count="26" type="stmt"/>
        <line num="404" count="26" type="stmt"/>
        <line num="405" count="26" type="stmt"/>
        <line num="409" count="31" type="stmt"/>
        <line num="410" count="31" type="stmt"/>
        <line num="411" count="31" type="stmt"/>
        <line num="412" count="31" type="stmt"/>
        <line num="413" count="31" type="stmt"/>
        <line num="416" count="31" type="stmt"/>
        <line num="424" count="1" type="stmt"/>
        <line num="434" count="22" type="stmt"/>
        <line num="444" count="1" type="stmt"/>
      </file>
    </package>
    <package name="src.implode">
      <metrics statements="188" coveredstatements="186" conditionals="74" coveredconditionals="68" methods="10" coveredmethods="10"/>
      <file name="implode.ts" path="/home/runner/work/pklib-ts/pklib-ts/src/implode/implode.ts">
        <metrics statements="188" coveredstatements="186" conditionals="74" coveredconditionals="68" methods="10" coveredmethods="10"/>
        <line num="6" count="22" type="stmt"/>
        <line num="17" count="22" type="stmt"/>
        <line num="27" count="22" type="stmt"/>
        <line num="33" count="38" type="stmt"/>
        <line num="34" count="38" type="stmt"/>
        <line num="35" count="38" type="stmt"/>
        <line num="36" count="38" type="stmt"/>
        <line num="37" count="38" type="stmt"/>
        <line num="38" count="38" type="stmt"/>
        <line num="39" count="38" type="stmt"/>
        <line num="41" count="38" type="stmt"/>
        <line num="42" count="38" type="stmt"/>
        <line num="43" count="38" type="stmt"/>
        <line num="44" count="38" type="stmt"/>
        <line num="49" count="38" type="stmt"/>
        <line num="50" count="38" type="stmt"/>
        <line num="51" count="38" type="stmt"/>
        <line num="52" count="38" type="stmt"/>
        <line num="55" count="38" type="stmt"/>
        <line num="56" count="38" type="stmt"/>
        <line num="59" count="38" type="stmt"/>
        <line num="60" count="38" type="stmt"/>
        <line num="68" count="93859" type="stmt"/>
        <line num="75" count="35" type="stmt"/>
        <line num="78" count="35" type="stmt"/>
        <line num="81" count="35" type="stmt"/>
        <line num="82" count="35470" type="stmt"/>
        <line num="83" count="35470" type="stmt"/>
        <line num="87" count="35" type="stmt"/>
        <line num="88" count="80640" type="stmt"/>
        <line num="89" count="80640" type="stmt"/>
        <line num="93" count="35" type="stmt"/>
        <line num="94" count="35470" type="stmt"/>
        <line num="95" count="35470" type="stmt"/>
        <line num="97" count="35470" type="stmt"/>
        <line num="98" count="35470" type="stmt"/>
        <line num="106" count="7" type="stmt"/>
        <line num="107" count="7" type="stmt"/>
        <line num="109" count="7" type="stmt"/>
        <line num="110" count="7" type="stmt"/>
        <line num="111" count="7" type="stmt"/>
        <line num="113" count="7" type="stmt"/>
        <line num="115" count="7" type="cond" truecount="1" falsecount="1"/>
        <line num="116" count="0" type="stmt"/>
        <line num="118" count="7" type="cond" truecount="1" falsecount="1"/>
        <line num="119" count="7" type="stmt"/>
        <line num="130" count="43920" type="stmt"/>
        <line num="133" count="43920" type="cond" truecount="2" falsecount="0"/>
        <line num="134" count="16731" type="stmt"/>
        <line num="135" count="16731" type="stmt"/>
        <line num="136" count="16731" type="stmt"/>
        <line num="141" count="43920" type="stmt"/>
        <line num="142" count="43920" type="stmt"/>
        <line num="143" count="43920" type="stmt"/>
        <line num="146" count="43920" type="cond" truecount="2" falsecount="0"/>
        <line num="147" count="19853" type="stmt"/>
        <line num="148" count="19853" type="stmt"/>
        <line num="150" count="19853" type="stmt"/>
        <line num="151" count="19853" type="stmt"/>
        <line num="153" count="24067" type="stmt"/>
        <line num="154" count="24067" type="cond" truecount="2" falsecount="0"/>
        <line num="155" count="5474" type="stmt"/>
        <line num="160" count="43920" type="cond" truecount="2" falsecount="0"/>
        <line num="161" count="7" type="stmt"/>
        <line num="169" count="22919" type="stmt"/>
        <line num="170" count="22919" type="stmt"/>
        <line num="171" count="22919" type="stmt"/>
        <line num="173" count="22919" type="cond" truecount="1" falsecount="1"/>
        <line num="174" count="0" type="stmt"/>
        <line num="177" count="22919" type="stmt"/>
        <line num="178" count="22919" type="cond" truecount="1" falsecount="1"/>
        <line num="181" count="22919" type="stmt"/>
        <line num="182" count="22919" type="stmt"/>
        <line num="185" count="22919" type="stmt"/>
        <line num="186" count="86884" type="stmt"/>
        <line num="189" count="86884" type="cond" truecount="2" falsecount="0"/>
        <line num="190" count="3980" type="stmt"/>
        <line num="194" count="82904" type="cond" truecount="2" falsecount="0"/>
        <line num="195" count="22050" type="stmt"/>
        <line num="198" count="60854" type="stmt"/>
        <line num="201" count="60854" type="cond" truecount="5" falsecount="0"/>
        <line num="205" count="29861" type="stmt"/>
        <line num="206" count="29861" type="cond" truecount="3" falsecount="0"/>
        <line num="209" count="380298" type="stmt"/>
        <line num="214" count="29861" type="cond" truecount="2" falsecount="0"/>
        <line num="215" count="26382" type="stmt"/>
        <line num="216" count="26382" type="stmt"/>
        <line num="219" count="26382" type="cond" truecount="2" falsecount="0"/>
        <line num="220" count="869" type="stmt"/>
        <line num="227" count="22919" type="stmt"/>
        <line num="238" count="3352" type="stmt"/>
        <line num="241" count="3352" type="stmt"/>
        <line num="242" count="3352" type="stmt"/>
        <line num="245" count="3352" type="cond" truecount="2" falsecount="0"/>
        <line num="247" count="432" type="stmt"/>
        <line num="248" count="432" type="stmt"/>
        <line num="251" count="2920" type="stmt"/>
        <line num="252" count="2920" type="stmt"/>
        <line num="261" count="17097" type="stmt"/>
        <line num="267" count="22" type="stmt"/>
        <line num="273" count="38" type="stmt"/>
        <line num="274" count="38" type="stmt"/>
        <line num="277" count="38" type="stmt"/>
        <line num="280" count="38" type="cond" truecount="4" falsecount="0"/>
        <line num="282" count="14" type="stmt"/>
        <line num="283" count="14" type="stmt"/>
        <line num="284" count="14" type="stmt"/>
        <line num="285" count="14" type="stmt"/>
        <line num="287" count="5" type="stmt"/>
        <line num="288" count="5" type="stmt"/>
        <line num="289" count="5" type="stmt"/>
        <line num="290" count="5" type="stmt"/>
        <line num="292" count="18" type="stmt"/>
        <line num="293" count="18" type="stmt"/>
        <line num="294" count="18" type="stmt"/>
        <line num="295" count="18" type="stmt"/>
        <line num="297" count="1" type="stmt"/>
        <line num="304" count="37" type="cond" truecount="2" falsecount="0"/>
        <line num="306" count="34" type="stmt"/>
        <line num="307" count="8704" type="stmt"/>
        <line num="308" count="8704" type="stmt"/>
        <line num="312" count="3" type="stmt"/>
        <line num="313" count="768" type="stmt"/>
        <line num="314" count="768" type="stmt"/>
        <line num="319" count="37" type="stmt"/>
        <line num="320" count="37" type="stmt"/>
        <line num="321" count="592" type="stmt"/>
        <line num="322" count="19166" type="stmt"/>
        <line num="323" count="19166" type="stmt"/>
        <line num="324" count="19166" type="stmt"/>
        <line num="329" count="37" type="stmt"/>
        <line num="330" count="37" type="stmt"/>
        <line num="334" count="37" type="stmt"/>
        <line num="335" count="37" type="stmt"/>
        <line num="336" count="37" type="stmt"/>
        <line num="339" count="37" type="stmt"/>
        <line num="342" count="37" type="stmt"/>
        <line num="344" count="37" type="stmt"/>
        <line num="347" count="37" type="stmt"/>
        <line num="348" count="37" type="stmt"/>
        <line num="350" count="37" type="stmt"/>
        <line num="352" count="72" type="stmt"/>
        <line num="353" count="71" type="cond" truecount="2" falsecount="0"/>
        <line num="354" count="36" type="stmt"/>
        <line num="357" count="35" type="stmt"/>
        <line num="360" count="35" type="stmt"/>
        <line num="361" count="35" type="stmt"/>
        <line num="364" count="35" type="cond" truecount="1" falsecount="1"/>
        <line num="365" count="35" type="stmt"/>
        <line num="369" count="35" type="stmt"/>
        <line num="370" count="20449" type="cond" truecount="2" falsecount="0"/>
        <line num="371" count="20429" type="stmt"/>
        <line num="374" count="20429" type="cond" truecount="4" falsecount="0"/>
        <line num="376" count="4831" type="cond" truecount="4" falsecount="0"/>
        <line num="378" count="432" type="stmt"/>
        <line num="379" count="432" type="stmt"/>
        <line num="382" count="4399" type="cond" truecount="2" falsecount="0"/>
        <line num="384" count="913" type="stmt"/>
        <line num="385" count="913" type="stmt"/>
        <line num="389" count="3486" type="cond" truecount="4" falsecount="0"/>
        <line num="391" count="996" type="stmt"/>
        <line num="392" count="996" type="stmt"/>
        <line num="395" count="2490" type="stmt"/>
        <line num="396" count="2490" type="stmt"/>
        <line num="397" count="2490" type="stmt"/>
        <line num="400" count="2490" type="cond" truecount="2" falsecount="0"/>
        <line num="403" count="173" type="cond" truecount="4" falsecount="0"/>
        <line num="405" count="134" type="stmt"/>
        <line num="406" count="134" type="stmt"/>
        <line num="407" count="134" type="stmt"/>
        <line num="412" count="2356" type="stmt"/>
        <line num="413" count="2356" type="stmt"/>
        <line num="418" count="15598" type="stmt"/>
        <line num="419" count="15598" type="stmt"/>
        <line num="423" count="20" type="stmt"/>
        <line num="424" count="20" type="stmt"/>
        <line num="429" count="35" type="stmt"/>
        <line num="430" count="35" type="cond" truecount="3" falsecount="1"/>
        <line num="431" count="35" type="stmt"/>
        <line num="432" count="35" type="stmt"/>
        <line num="437" count="36" type="stmt"/>
        <line num="440" count="36" type="cond" truecount="2" falsecount="0"/>
        <line num="441" count="28" type="stmt"/>
        <line num="445" count="36" type="stmt"/>
        <line num="447" count="35" type="stmt"/>
        <line num="455" count="2" type="stmt"/>
        <line num="465" count="22" type="stmt"/>
        <line num="472" count="1" type="stmt"/>
      </file>
    </package>
  </project>
</coverage>
