{"/home/runner/work/pklib-ts/pklib-ts/src/index.ts": {"path":"/home/runner/work/pklib-ts/pklib-ts/src/index.ts","statementMap":{"0":{"start":{"line":27,"column":0},"end":{"line":27,"column":16}},"1":{"start":{"line":108,"column":0},"end":{"line":108,"column":16}},"2":{"start":{"line":7,"column":0},"end":{"line":7,"column":24}},"3":{"start":{"line":10,"column":0},"end":{"line":10,"column":9}},"4":{"start":{"line":10,"column":9},"end":{"line":10,"column":61}},"5":{"start":{"line":13,"column":0},"end":{"line":13,"column":9}},"6":{"start":{"line":13,"column":9},"end":{"line":13,"column":18}},"7":{"start":{"line":13,"column":18},"end":{"line":13,"column":69}},"8":{"start":{"line":14,"column":0},"end":{"line":14,"column":9}},"9":{"start":{"line":14,"column":9},"end":{"line":14,"column":18}},"10":{"start":{"line":14,"column":18},"end":{"line":14,"column":69}},"11":{"start":{"line":17,"column":0},"end":{"line":17,"column":9}},"12":{"start":{"line":17,"column":9},"end":{"line":17,"column":47}},"13":{"start":{"line":18,"column":0},"end":{"line":18,"column":9}},"14":{"start":{"line":18,"column":9},"end":{"line":18,"column":55}},"15":{"start":{"line":21,"column":0},"end":{"line":21,"column":39}},"16":{"start":{"line":29,"column":19},"end":{"line":94,"column":4}},"17":{"start":{"line":96,"column":12},"end":{"line":96,"column":31}},"18":{"start":{"line":98,"column":2},"end":{"line":100,"column":3}},"19":{"start":{"line":98,"column":15},"end":{"line":98,"column":16}},"20":{"start":{"line":99,"column":4},"end":{"line":99,"column":59}},"21":{"start":{"line":102,"column":2},"end":{"line":102,"column":26}},"22":{"start":{"line":113,"column":2},"end":{"line":117,"column":4}}},"fnMap":{"0":{"name":"(anonymous_4)","decl":{"start":{"line":10,"column":9},"end":{"line":10,"column":28}},"loc":{"start":{"line":10,"column":9},"end":{"line":10,"column":61}}},"1":{"name":"(anonymous_5)","decl":{"start":{"line":13,"column":9},"end":{"line":13,"column":16}},"loc":{"start":{"line":13,"column":9},"end":{"line":13,"column":18}}},"2":{"name":"(anonymous_6)","decl":{"start":{"line":13,"column":18},"end":{"line":13,"column":41}},"loc":{"start":{"line":13,"column":18},"end":{"line":13,"column":69}}},"3":{"name":"(anonymous_7)","decl":{"start":{"line":14,"column":9},"end":{"line":14,"column":16}},"loc":{"start":{"line":14,"column":9},"end":{"line":14,"column":18}}},"4":{"name":"(anonymous_8)","decl":{"start":{"line":14,"column":18},"end":{"line":14,"column":41}},"loc":{"start":{"line":14,"column":18},"end":{"line":14,"column":69}}},"5":{"name":"(anonymous_9)","decl":{"start":{"line":17,"column":9},"end":{"line":17,"column":18}},"loc":{"start":{"line":17,"column":9},"end":{"line":17,"column":47}}},"6":{"name":"(anonymous_10)","decl":{"start":{"line":18,"column":9},"end":{"line":18,"column":22}},"loc":{"start":{"line":18,"column":9},"end":{"line":18,"column":55}}},"7":{"name":"crc32_pklib","decl":{"start":{"line":27,"column":16},"end":{"line":27,"column":27}},"loc":{"start":{"line":27,"column":66},"end":{"line":103,"column":1}}},"8":{"name":"getCommonSizeConstants","decl":{"start":{"line":108,"column":16},"end":{"line":108,"column":38}},"loc":{"start":{"line":108,"column":38},"end":{"line":118,"column":1}}}},"branchMap":{"0":{"loc":{"start":{"line":27,"column":48},"end":{"line":27,"column":66}},"type":"default-arg","locations":[{"start":{"line":27,"column":65},"end":{"line":27,"column":66}}]}},"s":{"0":2,"1":2,"2":2,"3":2,"4":2,"5":2,"6":3,"7":2,"8":2,"9":8,"10":2,"11":2,"12":2,"13":2,"14":2,"15":2,"16":17,"17":17,"18":17,"19":17,"20":1212,"21":17,"22":1},"f":{"0":0,"1":1,"2":0,"3":6,"4":0,"5":0,"6":0,"7":17,"8":1},"b":{"0":[15]}}
,"/home/runner/work/pklib-ts/pklib-ts/src/types.ts": {"path":"/home/runner/work/pklib-ts/pklib-ts/src/types.ts","statementMap":{"0":{"start":{"line":7,"column":13},"end":{"line":7,"column":28}},"1":{"start":{"line":8,"column":13},"end":{"line":8,"column":27}},"2":{"start":{"line":11,"column":0},"end":{"line":11,"column":null}},"3":{"start":{"line":12,"column":2},"end":{"line":12,"column":null}},"4":{"start":{"line":13,"column":2},"end":{"line":13,"column":null}},"5":{"start":{"line":14,"column":2},"end":{"line":14,"column":null}},"6":{"start":{"line":15,"column":2},"end":{"line":15,"column":null}},"7":{"start":{"line":16,"column":2},"end":{"line":16,"column":null}},"8":{"start":{"line":20,"column":0},"end":{"line":20,"column":null}},"9":{"start":{"line":21,"column":2},"end":{"line":21,"column":null}},"10":{"start":{"line":22,"column":2},"end":{"line":22,"column":null}},"11":{"start":{"line":26,"column":0},"end":{"line":26,"column":null}},"12":{"start":{"line":27,"column":2},"end":{"line":27,"column":null}},"13":{"start":{"line":28,"column":2},"end":{"line":28,"column":null}},"14":{"start":{"line":29,"column":2},"end":{"line":29,"column":null}},"15":{"start":{"line":33,"column":0},"end":{"line":33,"column":null}},"16":{"start":{"line":34,"column":2},"end":{"line":34,"column":null}},"17":{"start":{"line":35,"column":2},"end":{"line":35,"column":null}},"18":{"start":{"line":36,"column":2},"end":{"line":36,"column":null}},"19":{"start":{"line":40,"column":0},"end":{"line":40,"column":null}},"20":{"start":{"line":41,"column":2},"end":{"line":41,"column":null}},"21":{"start":{"line":42,"column":2},"end":{"line":42,"column":null}},"22":{"start":{"line":43,"column":2},"end":{"line":43,"column":null}},"23":{"start":{"line":44,"column":2},"end":{"line":44,"column":null}},"24":{"start":{"line":48,"column":0},"end":{"line":48,"column":null}},"25":{"start":{"line":49,"column":2},"end":{"line":49,"column":null}},"26":{"start":{"line":50,"column":2},"end":{"line":50,"column":null}},"27":{"start":{"line":51,"column":2},"end":{"line":51,"column":null}},"28":{"start":{"line":55,"column":13},"end":{"line":55,"column":26}},"29":{"start":{"line":56,"column":13},"end":{"line":56,"column":34}},"30":{"start":{"line":57,"column":13},"end":{"line":57,"column":33}},"31":{"start":{"line":58,"column":13},"end":{"line":58,"column":33}},"32":{"start":{"line":59,"column":13},"end":{"line":59,"column":34}},"33":{"start":{"line":62,"column":13},"end":{"line":62,"column":34}},"34":{"start":{"line":63,"column":13},"end":{"line":63,"column":35}}},"fnMap":{"0":{"name":"(anonymous_0)","decl":{"start":{"line":11,"column":0},"end":{"line":11,"column":12}},"loc":{"start":{"line":11,"column":26},"end":{"line":17,"column":1}}},"1":{"name":"(anonymous_1)","decl":{"start":{"line":20,"column":0},"end":{"line":20,"column":12}},"loc":{"start":{"line":20,"column":23},"end":{"line":23,"column":1}}},"2":{"name":"(anonymous_2)","decl":{"start":{"line":26,"column":0},"end":{"line":26,"column":12}},"loc":{"start":{"line":26,"column":28},"end":{"line":30,"column":1}}},"3":{"name":"(anonymous_3)","decl":{"start":{"line":33,"column":0},"end":{"line":33,"column":12}},"loc":{"start":{"line":33,"column":28},"end":{"line":37,"column":1}}},"4":{"name":"(anonymous_4)","decl":{"start":{"line":40,"column":0},"end":{"line":40,"column":12}},"loc":{"start":{"line":40,"column":28},"end":{"line":45,"column":1}}},"5":{"name":"(anonymous_5)","decl":{"start":{"line":48,"column":0},"end":{"line":48,"column":12}},"loc":{"start":{"line":48,"column":24},"end":{"line":52,"column":1}}}},"branchMap":{"0":{"loc":{"start":{"line":11,"column":12},"end":{"line":11,"column":null}},"type":"binary-expr","locations":[{"start":{"line":11,"column":12},"end":{"line":11,"column":26}},{"start":{"line":11,"column":26},"end":{"line":11,"column":null}}]},"1":{"loc":{"start":{"line":20,"column":12},"end":{"line":20,"column":null}},"type":"binary-expr","locations":[{"start":{"line":20,"column":12},"end":{"line":20,"column":23}},{"start":{"line":20,"column":23},"end":{"line":20,"column":null}}]},"2":{"loc":{"start":{"line":26,"column":12},"end":{"line":26,"column":null}},"type":"binary-expr","locations":[{"start":{"line":26,"column":12},"end":{"line":26,"column":28}},{"start":{"line":26,"column":28},"end":{"line":26,"column":null}}]},"3":{"loc":{"start":{"line":33,"column":12},"end":{"line":33,"column":null}},"type":"binary-expr","locations":[{"start":{"line":33,"column":12},"end":{"line":33,"column":28}},{"start":{"line":33,"column":28},"end":{"line":33,"column":null}}]},"4":{"loc":{"start":{"line":40,"column":12},"end":{"line":40,"column":null}},"type":"binary-expr","locations":[{"start":{"line":40,"column":12},"end":{"line":40,"column":28}},{"start":{"line":40,"column":28},"end":{"line":40,"column":null}}]},"5":{"loc":{"start":{"line":48,"column":12},"end":{"line":48,"column":null}},"type":"binary-expr","locations":[{"start":{"line":48,"column":12},"end":{"line":48,"column":24}},{"start":{"line":48,"column":24},"end":{"line":48,"column":null}}]}},"s":{"0":38,"1":38,"2":38,"3":38,"4":38,"5":38,"6":38,"7":38,"8":38,"9":38,"10":38,"11":38,"12":38,"13":38,"14":38,"15":38,"16":38,"17":38,"18":38,"19":38,"20":38,"21":38,"22":38,"23":38,"24":38,"25":38,"26":38,"27":38,"28":38,"29":38,"30":38,"31":38,"32":38,"33":38,"34":38},"f":{"0":38,"1":38,"2":38,"3":38,"4":38,"5":38},"b":{"0":[38,38],"1":[38,38],"2":[38,38],"3":[38,38],"4":[38,38],"5":[38,38]}}
,"/home/runner/work/pklib-ts/pklib-ts/src/PKWareLUT/PKWareLUTs.ts": {"path":"/home/runner/work/pklib-ts/pklib-ts/src/PKWareLUT/PKWareLUTs.ts","statementMap":{"0":{"start":{"line":94,"column":0},"end":{"line":94,"column":16}},"1":{"start":{"line":6,"column":0},"end":{"line":6,"column":40}},"2":{"start":{"line":8,"column":13},"end":{"line":13,"column":3}},"3":{"start":{"line":15,"column":13},"end":{"line":20,"column":3}},"4":{"start":{"line":22,"column":13},"end":{"line":24,"column":3}},"5":{"start":{"line":26,"column":13},"end":{"line":29,"column":3}},"6":{"start":{"line":31,"column":13},"end":{"line":33,"column":3}},"7":{"start":{"line":35,"column":13},"end":{"line":37,"column":3}},"8":{"start":{"line":39,"column":13},"end":{"line":56,"column":3}},"9":{"start":{"line":58,"column":13},"end":{"line":91,"column":3}},"10":{"start":{"line":100,"column":2},"end":{"line":105,"column":4}}},"fnMap":{"0":{"name":"getLUTSizeConstants","decl":{"start":{"line":94,"column":16},"end":{"line":94,"column":35}},"loc":{"start":{"line":94,"column":35},"end":{"line":106,"column":1}}}},"branchMap":{},"s":{"0":38,"1":38,"2":38,"3":38,"4":38,"5":38,"6":38,"7":38,"8":38,"9":38,"10":0},"f":{"0":0},"b":{}}
,"/home/runner/work/pklib-ts/pklib-ts/src/common/BitStream.ts": {"path":"/home/runner/work/pklib-ts/pklib-ts/src/common/BitStream.ts","statementMap":{"0":{"start":{"line":7,"column":10},"end":{"line":7,"column":29}},"1":{"start":{"line":8,"column":10},"end":{"line":8,"column":32}},"2":{"start":{"line":10,"column":10},"end":{"line":10,"column":31}},"3":{"start":{"line":11,"column":10},"end":{"line":11,"column":33}},"4":{"start":{"line":15,"column":4},"end":{"line":15,"column":29}},"5":{"start":{"line":16,"column":4},"end":{"line":16,"column":55}},"6":{"start":{"line":24,"column":4},"end":{"line":24,"column":31}},"7":{"start":{"line":25,"column":4},"end":{"line":25,"column":23}},"8":{"start":{"line":32,"column":4},"end":{"line":38,"column":5}},"9":{"start":{"line":33,"column":6},"end":{"line":33,"column":24}},"10":{"start":{"line":34,"column":6},"end":{"line":34,"column":81}},"11":{"start":{"line":35,"column":6},"end":{"line":37,"column":7}},"12":{"start":{"line":36,"column":8},"end":{"line":36,"column":21}},"13":{"start":{"line":39,"column":4},"end":{"line":39,"column":16}},"14":{"start":{"line":48,"column":4},"end":{"line":52,"column":5}},"15":{"start":{"line":49,"column":6},"end":{"line":49,"column":30}},"16":{"start":{"line":50,"column":6},"end":{"line":50,"column":29}},"17":{"start":{"line":51,"column":6},"end":{"line":51,"column":18}},"18":{"start":{"line":55,"column":4},"end":{"line":57,"column":5}},"19":{"start":{"line":56,"column":6},"end":{"line":56,"column":19}},"20":{"start":{"line":61,"column":20},"end":{"line":61,"column":53}},"21":{"start":{"line":62,"column":4},"end":{"line":62,"column":53}},"22":{"start":{"line":65,"column":4},"end":{"line":65,"column":27}},"23":{"start":{"line":66,"column":4},"end":{"line":66,"column":32}},"24":{"start":{"line":68,"column":4},"end":{"line":68,"column":16}},"25":{"start":{"line":75,"column":4},"end":{"line":75,"column":44}},"26":{"start":{"line":82,"column":4},"end":{"line":82,"column":23}},"27":{"start":{"line":89,"column":4},"end":{"line":89,"column":26}},"28":{"start":{"line":96,"column":4},"end":{"line":96,"column":35}},"29":{"start":{"line":103,"column":4},"end":{"line":103,"column":28}},"30":{"start":{"line":110,"column":4},"end":{"line":110,"column":20}},"31":{"start":{"line":111,"column":4},"end":{"line":111,"column":23}},"32":{"start":{"line":112,"column":4},"end":{"line":112,"column":22}},"33":{"start":{"line":113,"column":4},"end":{"line":113,"column":24}},"34":{"start":{"line":6,"column":0},"end":{"line":6,"column":13}}},"fnMap":{"0":{"name":"(anonymous_0)","decl":{"start":{"line":14,"column":2},"end":{"line":14,"column":14}},"loc":{"start":{"line":14,"column":101},"end":{"line":17,"column":3}}},"1":{"name":"(anonymous_1)","decl":{"start":{"line":23,"column":2},"end":{"line":23,"column":21}},"loc":{"start":{"line":23,"column":42},"end":{"line":26,"column":3}}},"2":{"name":"(anonymous_2)","decl":{"start":{"line":31,"column":10},"end":{"line":31,"column":19}},"loc":{"start":{"line":31,"column":19},"end":{"line":40,"column":3}}},"3":{"name":"(anonymous_3)","decl":{"start":{"line":46,"column":2},"end":{"line":46,"column":11}},"loc":{"start":{"line":46,"column":25},"end":{"line":69,"column":3}}},"4":{"name":"(anonymous_4)","decl":{"start":{"line":74,"column":2},"end":{"line":74,"column":10}},"loc":{"start":{"line":74,"column":24},"end":{"line":76,"column":3}}},"5":{"name":"(anonymous_5)","decl":{"start":{"line":81,"column":2},"end":{"line":81,"column":14}},"loc":{"start":{"line":81,"column":14},"end":{"line":83,"column":3}}},"6":{"name":"(anonymous_6)","decl":{"start":{"line":88,"column":2},"end":{"line":88,"column":14}},"loc":{"start":{"line":88,"column":14},"end":{"line":90,"column":3}}},"7":{"name":"(anonymous_7)","decl":{"start":{"line":95,"column":2},"end":{"line":95,"column":17}},"loc":{"start":{"line":95,"column":17},"end":{"line":97,"column":3}}},"8":{"name":"(anonymous_8)","decl":{"start":{"line":102,"column":2},"end":{"line":102,"column":12}},"loc":{"start":{"line":102,"column":26},"end":{"line":104,"column":3}}},"9":{"name":"(anonymous_9)","decl":{"start":{"line":109,"column":2},"end":{"line":109,"column":7}},"loc":{"start":{"line":109,"column":7},"end":{"line":114,"column":3}}}},"branchMap":{"0":{"loc":{"start":{"line":14,"column":70},"end":{"line":14,"column":101}},"type":"default-arg","locations":[{"start":{"line":14,"column":96},"end":{"line":14,"column":101}}]},"1":{"loc":{"start":{"line":32,"column":4},"end":{"line":38,"column":5}},"type":"if","locations":[{"start":{"line":32,"column":4},"end":{"line":38,"column":5}},{"start":{},"end":{}}]},"2":{"loc":{"start":{"line":35,"column":6},"end":{"line":37,"column":7}},"type":"if","locations":[{"start":{"line":35,"column":6},"end":{"line":37,"column":7}},{"start":{},"end":{}}]},"3":{"loc":{"start":{"line":48,"column":4},"end":{"line":52,"column":5}},"type":"if","locations":[{"start":{"line":48,"column":4},"end":{"line":52,"column":5}},{"start":{},"end":{}}]},"4":{"loc":{"start":{"line":55,"column":4},"end":{"line":57,"column":5}},"type":"if","locations":[{"start":{"line":55,"column":4},"end":{"line":57,"column":5}},{"start":{},"end":{}}]}},"s":{"0":31,"1":31,"2":31,"3":31,"4":31,"5":31,"6":31,"7":31,"8":31958,"9":67,"10":67,"11":67,"12":31,"13":31927,"14":64664,"15":32706,"16":32706,"17":32706,"18":31958,"19":31,"20":31927,"21":31927,"22":31927,"23":31927,"24":31927,"25":0,"26":40801,"27":0,"28":23863,"29":0,"30":0,"31":0,"32":0,"33":0,"34":22},"f":{"0":31,"1":31,"2":31958,"3":64664,"4":0,"5":40801,"6":0,"7":23863,"8":0,"9":0},"b":{"0":[31],"1":[67,31891],"2":[31,36],"3":[32706,31958],"4":[31,31927]}}
,"/home/runner/work/pklib-ts/pklib-ts/src/common/SlidingWindow.ts": {"path":"/home/runner/work/pklib-ts/pklib-ts/src/common/SlidingWindow.ts","statementMap":{"0":{"start":{"line":8,"column":10},"end":{"line":8,"column":31}},"1":{"start":{"line":12,"column":4},"end":{"line":12,"column":21}},"2":{"start":{"line":13,"column":4},"end":{"line":13,"column":39}},"3":{"start":{"line":20,"column":4},"end":{"line":20,"column":38}},"4":{"start":{"line":21,"column":4},"end":{"line":21,"column":52}},"5":{"start":{"line":28,"column":16},"end":{"line":28,"column":47}},"6":{"start":{"line":29,"column":4},"end":{"line":31,"column":5}},"7":{"start":{"line":29,"column":17},"end":{"line":29,"column":18}},"8":{"start":{"line":30,"column":6},"end":{"line":30,"column":40}},"9":{"start":{"line":38,"column":16},"end":{"line":38,"column":66}},"10":{"start":{"line":39,"column":4},"end":{"line":39,"column":28}},"11":{"start":{"line":46,"column":17},"end":{"line":46,"column":18}},"12":{"start":{"line":47,"column":4},"end":{"line":52,"column":5}},"13":{"start":{"line":47,"column":17},"end":{"line":47,"column":18}},"14":{"start":{"line":48,"column":19},"end":{"line":48,"column":45}},"15":{"start":{"line":49,"column":6},"end":{"line":49,"column":43}},"16":{"start":{"line":50,"column":6},"end":{"line":50,"column":27}},"17":{"start":{"line":51,"column":6},"end":{"line":51,"column":15}},"18":{"start":{"line":53,"column":4},"end":{"line":53,"column":18}},"19":{"start":{"line":60,"column":4},"end":{"line":60,"column":25}},"20":{"start":{"line":67,"column":4},"end":{"line":67,"column":23}},"21":{"start":{"line":74,"column":4},"end":{"line":74,"column":22}},"22":{"start":{"line":75,"column":4},"end":{"line":75,"column":24}},"23":{"start":{"line":82,"column":4},"end":{"line":82,"column":21}},"24":{"start":{"line":89,"column":4},"end":{"line":89,"column":36}},"25":{"start":{"line":96,"column":23},"end":{"line":96,"column":64}},"26":{"start":{"line":97,"column":4},"end":{"line":97,"column":64}},"27":{"start":{"line":98,"column":4},"end":{"line":98,"column":43}},"28":{"start":{"line":6,"column":0},"end":{"line":6,"column":13}}},"fnMap":{"0":{"name":"(anonymous_0)","decl":{"start":{"line":11,"column":2},"end":{"line":11,"column":14}},"loc":{"start":{"line":11,"column":26},"end":{"line":14,"column":3}}},"1":{"name":"(anonymous_1)","decl":{"start":{"line":19,"column":2},"end":{"line":19,"column":11}},"loc":{"start":{"line":19,"column":24},"end":{"line":22,"column":3}}},"2":{"name":"(anonymous_2)","decl":{"start":{"line":27,"column":2},"end":{"line":27,"column":12}},"loc":{"start":{"line":27,"column":67},"end":{"line":32,"column":3}}},"3":{"name":"(anonymous_3)","decl":{"start":{"line":37,"column":2},"end":{"line":37,"column":9}},"loc":{"start":{"line":37,"column":26},"end":{"line":40,"column":3}}},"4":{"name":"(anonymous_4)","decl":{"start":{"line":45,"column":2},"end":{"line":45,"column":11}},"loc":{"start":{"line":45,"column":86},"end":{"line":54,"column":3}}},"5":{"name":"(anonymous_5)","decl":{"start":{"line":59,"column":2},"end":{"line":59,"column":13}},"loc":{"start":{"line":59,"column":13},"end":{"line":61,"column":3}}},"6":{"name":"(anonymous_6)","decl":{"start":{"line":66,"column":2},"end":{"line":66,"column":11}},"loc":{"start":{"line":66,"column":11},"end":{"line":68,"column":3}}},"7":{"name":"(anonymous_7)","decl":{"start":{"line":73,"column":2},"end":{"line":73,"column":7}},"loc":{"start":{"line":73,"column":7},"end":{"line":76,"column":3}}},"8":{"name":"(anonymous_8)","decl":{"start":{"line":81,"column":2},"end":{"line":81,"column":9}},"loc":{"start":{"line":81,"column":9},"end":{"line":83,"column":3}}},"9":{"name":"(anonymous_9)","decl":{"start":{"line":88,"column":2},"end":{"line":88,"column":13}},"loc":{"start":{"line":88,"column":25},"end":{"line":90,"column":3}}},"10":{"name":"(anonymous_10)","decl":{"start":{"line":95,"column":2},"end":{"line":95,"column":12}},"loc":{"start":{"line":95,"column":49},"end":{"line":99,"column":3}}}},"branchMap":{"0":{"loc":{"start":{"line":27,"column":32},"end":{"line":27,"column":50}},"type":"default-arg","locations":[{"start":{"line":27,"column":49},"end":{"line":27,"column":50}}]},"1":{"loc":{"start":{"line":28,"column":16},"end":{"line":28,"column":47}},"type":"binary-expr","locations":[{"start":{"line":28,"column":16},"end":{"line":28,"column":22}},{"start":{"line":28,"column":26},"end":{"line":28,"column":47}}]},"2":{"loc":{"start":{"line":47,"column":20},"end":{"line":47,"column":71}},"type":"binary-expr","locations":[{"start":{"line":47,"column":20},"end":{"line":47,"column":30}},{"start":{"line":47,"column":34},"end":{"line":47,"column":71}}]},"3":{"loc":{"start":{"line":95,"column":31},"end":{"line":95,"column":49}},"type":"default-arg","locations":[{"start":{"line":95,"column":48},"end":{"line":95,"column":49}}]}},"s":{"0":31,"1":31,"2":31,"3":55871,"4":55871,"5":0,"6":0,"7":0,"8":0,"9":40087,"10":40087,"11":0,"12":0,"13":0,"14":0,"15":0,"16":0,"17":0,"18":0,"19":0,"20":0,"21":0,"22":0,"23":0,"24":0,"25":0,"26":0,"27":0,"28":22},"f":{"0":31,"1":55871,"2":0,"3":40087,"4":0,"5":0,"6":0,"7":0,"8":0,"9":0,"10":0},"b":{"0":[0],"1":[0,0],"2":[0,0],"3":[0]}}
,"/home/runner/work/pklib-ts/pklib-ts/src/explode/explode.ts": {"path":"/home/runner/work/pklib-ts/pklib-ts/src/explode/explode.ts","statementMap":{"0":{"start":{"line":280,"column":0},"end":{"line":280,"column":16}},"1":{"start":{"line":434,"column":0},"end":{"line":434,"column":16}},"2":{"start":{"line":6,"column":0},"end":{"line":6,"column":null}},"3":{"start":{"line":18,"column":0},"end":{"line":18,"column":48}},"4":{"start":{"line":19,"column":0},"end":{"line":19,"column":56}},"5":{"start":{"line":20,"column":0},"end":{"line":20,"column":null}},"6":{"start":{"line":35,"column":9},"end":{"line":35,"column":27}},"7":{"start":{"line":36,"column":9},"end":{"line":36,"column":31}},"8":{"start":{"line":37,"column":9},"end":{"line":37,"column":31}},"9":{"start":{"line":38,"column":9},"end":{"line":38,"column":31}},"10":{"start":{"line":44,"column":9},"end":{"line":44,"column":80}},"11":{"start":{"line":45,"column":9},"end":{"line":45,"column":79}},"12":{"start":{"line":46,"column":9},"end":{"line":46,"column":76}},"13":{"start":{"line":47,"column":9},"end":{"line":47,"column":76}},"14":{"start":{"line":48,"column":9},"end":{"line":48,"column":77}},"15":{"start":{"line":49,"column":9},"end":{"line":49,"column":76}},"16":{"start":{"line":50,"column":9},"end":{"line":50,"column":83}},"17":{"start":{"line":51,"column":9},"end":{"line":51,"column":72}},"18":{"start":{"line":52,"column":9},"end":{"line":52,"column":71}},"19":{"start":{"line":53,"column":9},"end":{"line":53,"column":73}},"20":{"start":{"line":54,"column":9},"end":{"line":54,"column":73}},"21":{"start":{"line":57,"column":4},"end":{"line":57,"column":45}},"22":{"start":{"line":58,"column":4},"end":{"line":58,"column":51}},"23":{"start":{"line":61,"column":4},"end":{"line":61,"column":32}},"24":{"start":{"line":62,"column":4},"end":{"line":62,"column":30}},"25":{"start":{"line":63,"column":4},"end":{"line":63,"column":34}},"26":{"start":{"line":64,"column":4},"end":{"line":64,"column":30}},"27":{"start":{"line":65,"column":4},"end":{"line":65,"column":38}},"28":{"start":{"line":78,"column":2},"end":{"line":83,"column":3}},"29":{"start":{"line":78,"column":15},"end":{"line":78,"column":16}},"30":{"start":{"line":79,"column":19},"end":{"line":79,"column":37}},"31":{"start":{"line":80,"column":4},"end":{"line":82,"column":5}},"32":{"start":{"line":80,"column":21},"end":{"line":80,"column":36}},"33":{"start":{"line":81,"column":6},"end":{"line":81,"column":27}},"34":{"start":{"line":90,"column":2},"end":{"line":137,"column":3}},"35":{"start":{"line":90,"column":19},"end":{"line":90,"column":23}},"36":{"start":{"line":91,"column":23},"end":{"line":91,"column":39}},"37":{"start":{"line":92,"column":18},"end":{"line":92,"column":44}},"38":{"start":{"line":94,"column":4},"end":{"line":136,"column":5}},"39":{"start":{"line":95,"column":18},"end":{"line":95,"column":30}},"40":{"start":{"line":96,"column":16},"end":{"line":96,"column":26}},"41":{"start":{"line":98,"column":6},"end":{"line":101,"column":7}},"42":{"start":{"line":99,"column":8},"end":{"line":99,"column":36}},"43":{"start":{"line":100,"column":8},"end":{"line":100,"column":19}},"44":{"start":{"line":102,"column":11},"end":{"line":136,"column":5}},"45":{"start":{"line":103,"column":6},"end":{"line":103,"column":47}},"46":{"start":{"line":105,"column":6},"end":{"line":125,"column":7}},"47":{"start":{"line":106,"column":8},"end":{"line":106,"column":21}},"48":{"start":{"line":107,"column":8},"end":{"line":107,"column":45}},"49":{"start":{"line":109,"column":20},"end":{"line":109,"column":32}},"50":{"start":{"line":110,"column":18},"end":{"line":110,"column":33}},"51":{"start":{"line":111,"column":8},"end":{"line":114,"column":9}},"52":{"start":{"line":112,"column":10},"end":{"line":112,"column":38}},"53":{"start":{"line":113,"column":10},"end":{"line":113,"column":21}},"54":{"start":{"line":116,"column":8},"end":{"line":116,"column":21}},"55":{"start":{"line":117,"column":8},"end":{"line":117,"column":45}},"56":{"start":{"line":119,"column":20},"end":{"line":119,"column":32}},"57":{"start":{"line":120,"column":18},"end":{"line":120,"column":33}},"58":{"start":{"line":121,"column":8},"end":{"line":124,"column":9}},"59":{"start":{"line":122,"column":10},"end":{"line":122,"column":38}},"60":{"start":{"line":123,"column":10},"end":{"line":123,"column":21}},"61":{"start":{"line":127,"column":6},"end":{"line":127,"column":19}},"62":{"start":{"line":128,"column":6},"end":{"line":128,"column":43}},"63":{"start":{"line":130,"column":18},"end":{"line":130,"column":30}},"64":{"start":{"line":131,"column":16},"end":{"line":131,"column":31}},"65":{"start":{"line":132,"column":6},"end":{"line":135,"column":7}},"66":{"start":{"line":133,"column":8},"end":{"line":133,"column":36}},"67":{"start":{"line":134,"column":8},"end":{"line":134,"column":19}},"68":{"start":{"line":149,"column":2},"end":{"line":242,"column":3}},"69":{"start":{"line":151,"column":4},"end":{"line":153,"column":5}},"70":{"start":{"line":152,"column":6},"end":{"line":152,"column":19}},"71":{"start":{"line":156,"column":23},"end":{"line":156,"column":79}},"72":{"start":{"line":159,"column":4},"end":{"line":161,"column":5}},"73":{"start":{"line":160,"column":6},"end":{"line":160,"column":19}},"74":{"start":{"line":164,"column":28},"end":{"line":164,"column":55}},"75":{"start":{"line":165,"column":4},"end":{"line":180,"column":5}},"76":{"start":{"line":166,"column":26},"end":{"line":166,"column":87}},"77":{"start":{"line":168,"column":6},"end":{"line":170,"column":7}},"78":{"start":{"line":169,"column":8},"end":{"line":169,"column":21}},"79":{"start":{"line":172,"column":21},"end":{"line":172,"column":68}},"80":{"start":{"line":179,"column":6},"end":{"line":179,"column":20}},"81":{"start":{"line":182,"column":19},"end":{"line":182,"column":52}},"82":{"start":{"line":189,"column":4},"end":{"line":189,"column":18}},"83":{"start":{"line":192,"column":4},"end":{"line":195,"column":5}},"84":{"start":{"line":193,"column":6},"end":{"line":193,"column":66}},"85":{"start":{"line":194,"column":6},"end":{"line":194,"column":19}},"86":{"start":{"line":198,"column":4},"end":{"line":241,"column":5}},"87":{"start":{"line":200,"column":24},"end":{"line":200,"column":54}},"88":{"start":{"line":201,"column":6},"end":{"line":232,"column":7}},"89":{"start":{"line":202,"column":8},"end":{"line":224,"column":9}},"90":{"start":{"line":203,"column":10},"end":{"line":205,"column":11}},"91":{"start":{"line":204,"column":12},"end":{"line":204,"column":25}},"92":{"start":{"line":207,"column":24},"end":{"line":207,"column":77}},"93":{"start":{"line":208,"column":10},"end":{"line":210,"column":11}},"94":{"start":{"line":209,"column":12},"end":{"line":209,"column":25}},"95":{"start":{"line":212,"column":10},"end":{"line":212,"column":23}},"96":{"start":{"line":214,"column":10},"end":{"line":216,"column":11}},"97":{"start":{"line":215,"column":12},"end":{"line":215,"column":25}},"98":{"start":{"line":218,"column":24},"end":{"line":218,"column":77}},"99":{"start":{"line":219,"column":10},"end":{"line":221,"column":11}},"100":{"start":{"line":220,"column":12},"end":{"line":220,"column":25}},"101":{"start":{"line":223,"column":10},"end":{"line":223,"column":23}},"102":{"start":{"line":226,"column":22},"end":{"line":226,"column":54}},"103":{"start":{"line":227,"column":8},"end":{"line":229,"column":9}},"104":{"start":{"line":228,"column":10},"end":{"line":228,"column":23}},"105":{"start":{"line":231,"column":8},"end":{"line":231,"column":21}},"106":{"start":{"line":235,"column":21},"end":{"line":235,"column":58}},"107":{"start":{"line":236,"column":6},"end":{"line":238,"column":7}},"108":{"start":{"line":237,"column":8},"end":{"line":237,"column":21}},"109":{"start":{"line":240,"column":6},"end":{"line":240,"column":20}},"110":{"start":{"line":250,"column":22},"end":{"line":250,"column":79}},"111":{"start":{"line":251,"column":22},"end":{"line":251,"column":49}},"112":{"start":{"line":253,"column":2},"end":{"line":255,"column":3}},"113":{"start":{"line":254,"column":4},"end":{"line":254,"column":13}},"114":{"start":{"line":257,"column":2},"end":{"line":273,"column":3}},"115":{"start":{"line":259,"column":21},"end":{"line":259,"column":81}},"116":{"start":{"line":260,"column":4},"end":{"line":262,"column":5}},"117":{"start":{"line":261,"column":6},"end":{"line":261,"column":15}},"118":{"start":{"line":264,"column":4},"end":{"line":264,"column":24}},"119":{"start":{"line":267,"column":21},"end":{"line":267,"column":106}},"120":{"start":{"line":268,"column":4},"end":{"line":270,"column":5}},"121":{"start":{"line":269,"column":6},"end":{"line":269,"column":15}},"122":{"start":{"line":272,"column":4},"end":{"line":272,"column":24}},"123":{"start":{"line":284,"column":2},"end":{"line":428,"column":3}},"124":{"start":{"line":286,"column":25},"end":{"line":286,"column":42}},"125":{"start":{"line":287,"column":28},"end":{"line":287,"column":52}},"126":{"start":{"line":289,"column":4},"end":{"line":294,"column":5}},"127":{"start":{"line":290,"column":6},"end":{"line":293,"column":8}},"128":{"start":{"line":297,"column":28},"end":{"line":297,"column":43}},"129":{"start":{"line":298,"column":31},"end":{"line":298,"column":46}},"130":{"start":{"line":299,"column":29},"end":{"line":299,"column":44}},"131":{"start":{"line":302,"column":4},"end":{"line":307,"column":5}},"132":{"start":{"line":303,"column":6},"end":{"line":306,"column":8}},"133":{"start":{"line":311,"column":4},"end":{"line":320,"column":5}},"134":{"start":{"line":312,"column":14},"end":{"line":312,"column":36}},"135":{"start":{"line":312,"column":37},"end":{"line":312,"column":43}},"136":{"start":{"line":313,"column":14},"end":{"line":313,"column":36}},"137":{"start":{"line":313,"column":37},"end":{"line":313,"column":43}},"138":{"start":{"line":314,"column":14},"end":{"line":314,"column":36}},"139":{"start":{"line":314,"column":37},"end":{"line":314,"column":43}},"140":{"start":{"line":316,"column":8},"end":{"line":319,"column":10}},"141":{"start":{"line":323,"column":18},"end":{"line":323,"column":50}},"142":{"start":{"line":326,"column":4},"end":{"line":326,"column":34}},"143":{"start":{"line":327,"column":4},"end":{"line":327,"column":41}},"144":{"start":{"line":328,"column":4},"end":{"line":328,"column":60}},"145":{"start":{"line":331,"column":4},"end":{"line":331,"column":58}},"146":{"start":{"line":334,"column":4},"end":{"line":334,"column":83}},"147":{"start":{"line":335,"column":4},"end":{"line":335,"column":80}},"148":{"start":{"line":337,"column":4},"end":{"line":339,"column":5}},"149":{"start":{"line":338,"column":6},"end":{"line":338,"column":24}},"150":{"start":{"line":341,"column":25},"end":{"line":341,"column":47}},"151":{"start":{"line":342,"column":22},"end":{"line":342,"column":23}},"152":{"start":{"line":343,"column":37},"end":{"line":343,"column":39}},"153":{"start":{"line":346,"column":25},"end":{"line":346,"column":26}},"154":{"start":{"line":347,"column":4},"end":{"line":399,"column":5}},"155":{"start":{"line":348,"column":6},"end":{"line":348,"column":23}},"156":{"start":{"line":349,"column":25},"end":{"line":349,"column":41}},"157":{"start":{"line":351,"column":6},"end":{"line":355,"column":7}},"158":{"start":{"line":353,"column":8},"end":{"line":353,"column":113}},"159":{"start":{"line":354,"column":8},"end":{"line":354,"column":14}},"160":{"start":{"line":357,"column":6},"end":{"line":361,"column":7}},"161":{"start":{"line":359,"column":8},"end":{"line":359,"column":89}},"162":{"start":{"line":360,"column":8},"end":{"line":360,"column":14}},"163":{"start":{"line":363,"column":6},"end":{"line":398,"column":7}},"164":{"start":{"line":365,"column":8},"end":{"line":365,"column":51}},"165":{"start":{"line":366,"column":8},"end":{"line":366,"column":50}},"166":{"start":{"line":367,"column":8},"end":{"line":367,"column":26}},"167":{"start":{"line":369,"column":8},"end":{"line":374,"column":9}},"168":{"start":{"line":370,"column":10},"end":{"line":370,"column":68}},"169":{"start":{"line":371,"column":10},"end":{"line":371,"column":41}},"170":{"start":{"line":372,"column":10},"end":{"line":372,"column":76}},"171":{"start":{"line":373,"column":10},"end":{"line":373,"column":30}},"172":{"start":{"line":377,"column":27},"end":{"line":377,"column":49}},"173":{"start":{"line":378,"column":29},"end":{"line":378,"column":58}},"174":{"start":{"line":380,"column":8},"end":{"line":383,"column":9}},"175":{"start":{"line":381,"column":10},"end":{"line":381,"column":116}},"176":{"start":{"line":382,"column":10},"end":{"line":382,"column":16}},"177":{"start":{"line":385,"column":8},"end":{"line":397,"column":9}},"178":{"start":{"line":385,"column":21},"end":{"line":385,"column":22}},"179":{"start":{"line":386,"column":23},"end":{"line":386,"column":64}},"180":{"start":{"line":387,"column":10},"end":{"line":387,"column":47}},"181":{"start":{"line":388,"column":10},"end":{"line":388,"column":46}},"182":{"start":{"line":389,"column":10},"end":{"line":389,"column":28}},"183":{"start":{"line":391,"column":10},"end":{"line":396,"column":11}},"184":{"start":{"line":392,"column":12},"end":{"line":392,"column":70}},"185":{"start":{"line":393,"column":12},"end":{"line":393,"column":43}},"186":{"start":{"line":394,"column":12},"end":{"line":394,"column":78}},"187":{"start":{"line":395,"column":12},"end":{"line":395,"column":32}},"188":{"start":{"line":402,"column":4},"end":{"line":406,"column":5}},"189":{"start":{"line":403,"column":6},"end":{"line":403,"column":64}},"190":{"start":{"line":404,"column":6},"end":{"line":404,"column":37}},"191":{"start":{"line":405,"column":6},"end":{"line":405,"column":72}},"192":{"start":{"line":409,"column":19},"end":{"line":409,"column":46}},"193":{"start":{"line":410,"column":17},"end":{"line":410,"column":18}},"194":{"start":{"line":411,"column":4},"end":{"line":414,"column":5}},"195":{"start":{"line":412,"column":6},"end":{"line":412,"column":32}},"196":{"start":{"line":413,"column":6},"end":{"line":413,"column":29}},"197":{"start":{"line":416,"column":4},"end":{"line":421,"column":6}},"198":{"start":{"line":424,"column":4},"end":{"line":427,"column":6}},"199":{"start":{"line":444,"column":2},"end":{"line":453,"column":4}}},"fnMap":{"0":{"name":"(anonymous_0)","decl":{"start":{"line":56,"column":2},"end":{"line":56,"column":14}},"loc":{"start":{"line":56,"column":36},"end":{"line":66,"column":3}}},"1":{"name":"genDecodeTabs","decl":{"start":{"line":72,"column":9},"end":{"line":72,"column":22}},"loc":{"start":{"line":76,"column":18},"end":{"line":84,"column":1}}},"2":{"name":"genAscTabs","decl":{"start":{"line":89,"column":9},"end":{"line":89,"column":19}},"loc":{"start":{"line":89,"column":46},"end":{"line":138,"column":1}}},"3":{"name":"decodeLit","decl":{"start":{"line":147,"column":9},"end":{"line":147,"column":18}},"loc":{"start":{"line":147,"column":45},"end":{"line":243,"column":1}}},"4":{"name":"decodeDist","decl":{"start":{"line":248,"column":9},"end":{"line":248,"column":19}},"loc":{"start":{"line":248,"column":62},"end":{"line":274,"column":1}}},"5":{"name":"explode","decl":{"start":{"line":280,"column":16},"end":{"line":280,"column":23}},"loc":{"start":{"line":282,"column":25},"end":{"line":429,"column":1}}},"6":{"name":"getExplodeSizeConstants","decl":{"start":{"line":434,"column":16},"end":{"line":434,"column":39}},"loc":{"start":{"line":434,"column":39},"end":{"line":454,"column":1}}}},"branchMap":{"0":{"loc":{"start":{"line":94,"column":4},"end":{"line":136,"column":5}},"type":"if","locations":[{"start":{"line":94,"column":4},"end":{"line":136,"column":5}},{"start":{"line":102,"column":11},"end":{"line":136,"column":5}}]},"1":{"loc":{"start":{"line":102,"column":11},"end":{"line":136,"column":5}},"type":"if","locations":[{"start":{"line":102,"column":11},"end":{"line":136,"column":5}},{"start":{"line":126,"column":11},"end":{"line":136,"column":5}}]},"2":{"loc":{"start":{"line":105,"column":6},"end":{"line":125,"column":7}},"type":"if","locations":[{"start":{"line":105,"column":6},"end":{"line":125,"column":7}},{"start":{"line":115,"column":13},"end":{"line":125,"column":7}}]},"3":{"loc":{"start":{"line":149,"column":2},"end":{"line":242,"column":3}},"type":"if","locations":[{"start":{"line":149,"column":2},"end":{"line":242,"column":3}},{"start":{"line":190,"column":9},"end":{"line":242,"column":3}}]},"4":{"loc":{"start":{"line":151,"column":4},"end":{"line":153,"column":5}},"type":"if","locations":[{"start":{"line":151,"column":4},"end":{"line":153,"column":5}},{"start":{},"end":{}}]},"5":{"loc":{"start":{"line":159,"column":4},"end":{"line":161,"column":5}},"type":"if","locations":[{"start":{"line":159,"column":4},"end":{"line":161,"column":5}},{"start":{},"end":{}}]},"6":{"loc":{"start":{"line":165,"column":4},"end":{"line":180,"column":5}},"type":"if","locations":[{"start":{"line":165,"column":4},"end":{"line":180,"column":5}},{"start":{},"end":{}}]},"7":{"loc":{"start":{"line":168,"column":6},"end":{"line":170,"column":7}},"type":"if","locations":[{"start":{"line":168,"column":6},"end":{"line":170,"column":7}},{"start":{},"end":{}}]},"8":{"loc":{"start":{"line":192,"column":4},"end":{"line":195,"column":5}},"type":"if","locations":[{"start":{"line":192,"column":4},"end":{"line":195,"column":5}},{"start":{},"end":{}}]},"9":{"loc":{"start":{"line":198,"column":4},"end":{"line":241,"column":5}},"type":"if","locations":[{"start":{"line":198,"column":4},"end":{"line":241,"column":5}},{"start":{"line":233,"column":11},"end":{"line":241,"column":5}}]},"10":{"loc":{"start":{"line":201,"column":6},"end":{"line":232,"column":7}},"type":"if","locations":[{"start":{"line":201,"column":6},"end":{"line":232,"column":7}},{"start":{"line":225,"column":13},"end":{"line":232,"column":7}}]},"11":{"loc":{"start":{"line":202,"column":8},"end":{"line":224,"column":9}},"type":"if","locations":[{"start":{"line":202,"column":8},"end":{"line":224,"column":9}},{"start":{"line":213,"column":15},"end":{"line":224,"column":9}}]},"12":{"loc":{"start":{"line":203,"column":10},"end":{"line":205,"column":11}},"type":"if","locations":[{"start":{"line":203,"column":10},"end":{"line":205,"column":11}},{"start":{},"end":{}}]},"13":{"loc":{"start":{"line":208,"column":10},"end":{"line":210,"column":11}},"type":"if","locations":[{"start":{"line":208,"column":10},"end":{"line":210,"column":11}},{"start":{},"end":{}}]},"14":{"loc":{"start":{"line":214,"column":10},"end":{"line":216,"column":11}},"type":"if","locations":[{"start":{"line":214,"column":10},"end":{"line":216,"column":11}},{"start":{},"end":{}}]},"15":{"loc":{"start":{"line":219,"column":10},"end":{"line":221,"column":11}},"type":"if","locations":[{"start":{"line":219,"column":10},"end":{"line":221,"column":11}},{"start":{},"end":{}}]},"16":{"loc":{"start":{"line":227,"column":8},"end":{"line":229,"column":9}},"type":"if","locations":[{"start":{"line":227,"column":8},"end":{"line":229,"column":9}},{"start":{},"end":{}}]},"17":{"loc":{"start":{"line":236,"column":6},"end":{"line":238,"column":7}},"type":"if","locations":[{"start":{"line":236,"column":6},"end":{"line":238,"column":7}},{"start":{},"end":{}}]},"18":{"loc":{"start":{"line":253,"column":2},"end":{"line":255,"column":3}},"type":"if","locations":[{"start":{"line":253,"column":2},"end":{"line":255,"column":3}},{"start":{},"end":{}}]},"19":{"loc":{"start":{"line":257,"column":2},"end":{"line":273,"column":3}},"type":"if","locations":[{"start":{"line":257,"column":2},"end":{"line":273,"column":3}},{"start":{"line":265,"column":9},"end":{"line":273,"column":3}}]},"20":{"loc":{"start":{"line":260,"column":4},"end":{"line":262,"column":5}},"type":"if","locations":[{"start":{"line":260,"column":4},"end":{"line":262,"column":5}},{"start":{},"end":{}}]},"21":{"loc":{"start":{"line":268,"column":4},"end":{"line":270,"column":5}},"type":"if","locations":[{"start":{"line":268,"column":4},"end":{"line":270,"column":5}},{"start":{},"end":{}}]},"22":{"loc":{"start":{"line":289,"column":4},"end":{"line":294,"column":5}},"type":"if","locations":[{"start":{"line":289,"column":4},"end":{"line":294,"column":5}},{"start":{},"end":{}}]},"23":{"loc":{"start":{"line":302,"column":4},"end":{"line":307,"column":5}},"type":"if","locations":[{"start":{"line":302,"column":4},"end":{"line":307,"column":5}},{"start":{},"end":{}}]},"24":{"loc":{"start":{"line":302,"column":8},"end":{"line":302,"column":71}},"type":"binary-expr","locations":[{"start":{"line":302,"column":8},"end":{"line":302,"column":38}},{"start":{"line":302,"column":42},"end":{"line":302,"column":71}}]},"25":{"loc":{"start":{"line":311,"column":4},"end":{"line":320,"column":5}},"type":"switch","locations":[{"start":{"line":312,"column":6},"end":{"line":312,"column":43}},{"start":{"line":313,"column":6},"end":{"line":313,"column":43}},{"start":{"line":314,"column":6},"end":{"line":314,"column":43}},{"start":{"line":315,"column":6},"end":{"line":319,"column":10}}]},"26":{"loc":{"start":{"line":337,"column":4},"end":{"line":339,"column":5}},"type":"if","locations":[{"start":{"line":337,"column":4},"end":{"line":339,"column":5}},{"start":{},"end":{}}]},"27":{"loc":{"start":{"line":351,"column":6},"end":{"line":355,"column":7}},"type":"if","locations":[{"start":{"line":351,"column":6},"end":{"line":355,"column":7}},{"start":{},"end":{}}]},"28":{"loc":{"start":{"line":357,"column":6},"end":{"line":361,"column":7}},"type":"if","locations":[{"start":{"line":357,"column":6},"end":{"line":361,"column":7}},{"start":{},"end":{}}]},"29":{"loc":{"start":{"line":363,"column":6},"end":{"line":398,"column":7}},"type":"if","locations":[{"start":{"line":363,"column":6},"end":{"line":398,"column":7}},{"start":{"line":375,"column":13},"end":{"line":398,"column":7}}]},"30":{"loc":{"start":{"line":369,"column":8},"end":{"line":374,"column":9}},"type":"if","locations":[{"start":{"line":369,"column":8},"end":{"line":374,"column":9}},{"start":{},"end":{}}]},"31":{"loc":{"start":{"line":380,"column":8},"end":{"line":383,"column":9}},"type":"if","locations":[{"start":{"line":380,"column":8},"end":{"line":383,"column":9}},{"start":{},"end":{}}]},"32":{"loc":{"start":{"line":391,"column":10},"end":{"line":396,"column":11}},"type":"if","locations":[{"start":{"line":391,"column":10},"end":{"line":396,"column":11}},{"start":{},"end":{}}]},"33":{"loc":{"start":{"line":402,"column":4},"end":{"line":406,"column":5}},"type":"if","locations":[{"start":{"line":402,"column":4},"end":{"line":406,"column":5}},{"start":{},"end":{}}]}},"s":{"0":22,"1":22,"2":22,"3":22,"4":22,"5":22,"6":31,"7":31,"8":31,"9":31,"10":31,"11":31,"12":31,"13":31,"14":31,"15":31,"16":31,"17":31,"18":31,"19":31,"20":31,"21":31,"22":31,"23":31,"24":31,"25":31,"26":31,"27":31,"28":62,"29":62,"30":2480,"31":2480,"32":2480,"33":15872,"34":6,"35":6,"36":1536,"37":1536,"38":1536,"39":414,"40":414,"41":414,"42":1452,"43":1452,"44":1122,"45":930,"46":930,"47":516,"48":516,"49":516,"50":516,"51":516,"52":960,"53":960,"54":414,"55":414,"56":414,"57":414,"58":414,"59":576,"60":576,"61":192,"62":192,"63":192,"64":192,"65":192,"66":1536,"67":1536,"68":23863,"69":8078,"70":0,"71":8078,"72":8078,"73":0,"74":8078,"75":8078,"76":815,"77":815,"78":28,"79":787,"80":787,"81":7263,"82":7263,"83":15785,"84":0,"85":0,"86":15785,"87":2134,"88":2134,"89":25,"90":25,"91":0,"92":25,"93":25,"94":0,"95":25,"96":0,"97":0,"98":0,"99":0,"100":0,"101":0,"102":2109,"103":2109,"104":1,"105":2108,"106":13651,"107":13651,"108":0,"109":13651,"110":8050,"111":8050,"112":8050,"113":2,"114":8048,"115":2221,"116":2221,"117":0,"118":2221,"119":5827,"120":5827,"121":0,"122":5827,"123":43,"124":43,"125":43,"126":42,"127":6,"128":36,"129":36,"130":36,"131":36,"132":1,"133":35,"134":11,"135":11,"136":2,"137":2,"138":18,"139":18,"140":4,"141":31,"142":31,"143":31,"144":31,"145":31,"146":31,"147":31,"148":31,"149":6,"150":31,"151":31,"152":31,"153":31,"154":31,"155":23863,"156":23863,"157":23863,"158":29,"159":29,"160":23834,"161":0,"162":0,"163":23834,"164":15784,"165":15784,"166":15784,"167":15784,"168":0,"169":0,"170":0,"171":0,"172":8050,"173":8050,"174":8050,"175":2,"176":2,"177":8048,"178":8048,"179":40087,"180":40087,"181":40087,"182":40087,"183":40087,"184":5,"185":5,"186":5,"187":5,"188":31,"189":26,"190":26,"191":26,"192":31,"193":31,"194":31,"195":31,"196":31,"197":31,"198":1,"199":1},"f":{"0":31,"1":62,"2":6,"3":23863,"4":8050,"5":43,"6":1},"b":{"0":[414,1122],"1":[930,192],"2":[516,414],"3":[8078,15785],"4":[0,8078],"5":[0,8078],"6":[815,7263],"7":[28,787],"8":[0,15785],"9":[2134,13651],"10":[25,2109],"11":[25,0],"12":[0,25],"13":[0,25],"14":[0,0],"15":[0,0],"16":[1,2108],"17":[0,13651],"18":[2,8048],"19":[2221,5827],"20":[0,2221],"21":[0,5827],"22":[6,36],"23":[1,35],"24":[36,8],"25":[11,2,18,4],"26":[6,25],"27":[29,23834],"28":[0,23834],"29":[15784,8050],"30":[0,15784],"31":[2,8048],"32":[5,40082],"33":[26,5]}}
,"/home/runner/work/pklib-ts/pklib-ts/src/implode/implode.ts": {"path":"/home/runner/work/pklib-ts/pklib-ts/src/implode/implode.ts","statementMap":{"0":{"start":{"line":267,"column":0},"end":{"line":267,"column":16}},"1":{"start":{"line":465,"column":0},"end":{"line":465,"column":16}},"2":{"start":{"line":6,"column":0},"end":{"line":6,"column":null}},"3":{"start":{"line":17,"column":0},"end":{"line":17,"column":null}},"4":{"start":{"line":27,"column":23},"end":{"line":27,"column":28}},"5":{"start":{"line":33,"column":9},"end":{"line":33,"column":30}},"6":{"start":{"line":34,"column":9},"end":{"line":34,"column":30}},"7":{"start":{"line":35,"column":9},"end":{"line":35,"column":29}},"8":{"start":{"line":36,"column":9},"end":{"line":36,"column":31}},"9":{"start":{"line":37,"column":9},"end":{"line":37,"column":31}},"10":{"start":{"line":38,"column":9},"end":{"line":38,"column":27}},"11":{"start":{"line":39,"column":9},"end":{"line":39,"column":32}},"12":{"start":{"line":41,"column":9},"end":{"line":41,"column":72}},"13":{"start":{"line":42,"column":9},"end":{"line":42,"column":73}},"14":{"start":{"line":43,"column":9},"end":{"line":43,"column":79}},"15":{"start":{"line":44,"column":9},"end":{"line":44,"column":82}},"16":{"start":{"line":49,"column":9},"end":{"line":49,"column":53}},"17":{"start":{"line":50,"column":9},"end":{"line":50,"column":55}},"18":{"start":{"line":51,"column":9},"end":{"line":51,"column":86}},"19":{"start":{"line":52,"column":9},"end":{"line":52,"column":58}},"20":{"start":{"line":55,"column":4},"end":{"line":55,"column":29}},"21":{"start":{"line":56,"column":4},"end":{"line":56,"column":31}},"22":{"start":{"line":59,"column":4},"end":{"line":59,"column":32}},"23":{"start":{"line":60,"column":4},"end":{"line":60,"column":33}},"24":{"start":{"line":68,"column":2},"end":{"line":68,"column":57}},"25":{"start":{"line":75,"column":17},"end":{"line":75,"column":18}},"26":{"start":{"line":78,"column":2},"end":{"line":78,"column":29}},"27":{"start":{"line":81,"column":2},"end":{"line":84,"column":3}},"28":{"start":{"line":81,"column":23},"end":{"line":81,"column":34}},"29":{"start":{"line":82,"column":17},"end":{"line":82,"column":90}},"30":{"start":{"line":83,"column":4},"end":{"line":83,"column":31}},"31":{"start":{"line":87,"column":2},"end":{"line":90,"column":3}},"32":{"start":{"line":87,"column":15},"end":{"line":87,"column":16}},"33":{"start":{"line":88,"column":4},"end":{"line":88,"column":38}},"34":{"start":{"line":89,"column":4},"end":{"line":89,"column":37}},"35":{"start":{"line":93,"column":2},"end":{"line":99,"column":3}},"36":{"start":{"line":93,"column":24},"end":{"line":93,"column":37}},"37":{"start":{"line":94,"column":21},"end":{"line":94,"column":95}},"38":{"start":{"line":95,"column":21},"end":{"line":95,"column":31}},"39":{"start":{"line":97,"column":4},"end":{"line":97,"column":35}},"40":{"start":{"line":98,"column":4},"end":{"line":98,"column":61}},"41":{"start":{"line":106,"column":15},"end":{"line":106,"column":20}},"42":{"start":{"line":107,"column":2},"end":{"line":107,"column":54}},"43":{"start":{"line":109,"column":18},"end":{"line":109,"column":38}},"44":{"start":{"line":110,"column":18},"end":{"line":110,"column":47}},"45":{"start":{"line":111,"column":2},"end":{"line":111,"column":26}},"46":{"start":{"line":113,"column":2},"end":{"line":113,"column":24}},"47":{"start":{"line":115,"column":2},"end":{"line":117,"column":3}},"48":{"start":{"line":116,"column":4},"end":{"line":116,"column":31}},"49":{"start":{"line":118,"column":2},"end":{"line":120,"column":3}},"50":{"start":{"line":119,"column":4},"end":{"line":119,"column":44}},"51":{"start":{"line":130,"column":2},"end":{"line":130,"column":26}},"52":{"start":{"line":133,"column":2},"end":{"line":138,"column":3}},"53":{"start":{"line":134,"column":4},"end":{"line":134,"column":34}},"54":{"start":{"line":135,"column":4},"end":{"line":135,"column":18}},"55":{"start":{"line":136,"column":4},"end":{"line":136,"column":15}},"56":{"start":{"line":141,"column":2},"end":{"line":141,"column":26}},"57":{"start":{"line":142,"column":2},"end":{"line":142,"column":63}},"58":{"start":{"line":143,"column":2},"end":{"line":143,"column":25}},"59":{"start":{"line":146,"column":2},"end":{"line":157,"column":3}},"60":{"start":{"line":147,"column":4},"end":{"line":147,"column":21}},"61":{"start":{"line":148,"column":4},"end":{"line":148,"column":30}},"62":{"start":{"line":150,"column":4},"end":{"line":150,"column":51}},"63":{"start":{"line":151,"column":4},"end":{"line":151,"column":23}},"64":{"start":{"line":153,"column":4},"end":{"line":153,"column":23}},"65":{"start":{"line":154,"column":4},"end":{"line":156,"column":5}},"66":{"start":{"line":155,"column":6},"end":{"line":155,"column":23}},"67":{"start":{"line":160,"column":2},"end":{"line":162,"column":3}},"68":{"start":{"line":161,"column":4},"end":{"line":161,"column":20}},"69":{"start":{"line":169,"column":20},"end":{"line":169,"column":79}},"70":{"start":{"line":170,"column":18},"end":{"line":170,"column":19}},"71":{"start":{"line":171,"column":21},"end":{"line":171,"column":22}},"72":{"start":{"line":173,"column":2},"end":{"line":175,"column":3}},"73":{"start":{"line":174,"column":4},"end":{"line":174,"column":57}},"74":{"start":{"line":177,"column":15},"end":{"line":177,"column":88}},"75":{"start":{"line":178,"column":18},"end":{"line":179,"column":57}},"76":{"start":{"line":181,"column":20},"end":{"line":181,"column":51}},"77":{"start":{"line":182,"column":20},"end":{"line":182,"column":65}},"78":{"start":{"line":185,"column":2},"end":{"line":224,"column":3}},"79":{"start":{"line":185,"column":22},"end":{"line":185,"column":46}},"80":{"start":{"line":186,"column":20},"end":{"line":186,"column":45}},"81":{"start":{"line":189,"column":4},"end":{"line":191,"column":5}},"82":{"start":{"line":190,"column":6},"end":{"line":190,"column":15}},"83":{"start":{"line":194,"column":4},"end":{"line":196,"column":5}},"84":{"start":{"line":195,"column":6},"end":{"line":195,"column":12}},"85":{"start":{"line":198,"column":27},"end":{"line":198,"column":56}},"86":{"start":{"line":201,"column":4},"end":{"line":223,"column":5}},"87":{"start":{"line":205,"column":27},"end":{"line":205,"column":28}},"88":{"start":{"line":206,"column":6},"end":{"line":210,"column":7}},"89":{"start":{"line":209,"column":8},"end":{"line":209,"column":25}},"90":{"start":{"line":214,"column":6},"end":{"line":222,"column":7}},"91":{"start":{"line":215,"column":8},"end":{"line":215,"column":43}},"92":{"start":{"line":216,"column":8},"end":{"line":216,"column":35}},"93":{"start":{"line":219,"column":8},"end":{"line":221,"column":9}},"94":{"start":{"line":220,"column":10},"end":{"line":220,"column":16}},"95":{"start":{"line":227,"column":2},"end":{"line":230,"column":4}},"96":{"start":{"line":238,"column":27},"end":{"line":238,"column":39}},"97":{"start":{"line":241,"column":22},"end":{"line":241,"column":35}},"98":{"start":{"line":242,"column":2},"end":{"line":242,"column":77}},"99":{"start":{"line":245,"column":2},"end":{"line":253,"column":3}},"100":{"start":{"line":247,"column":4},"end":{"line":247,"column":103}},"101":{"start":{"line":248,"column":4},"end":{"line":248,"column":47}},"102":{"start":{"line":251,"column":4},"end":{"line":251,"column":131}},"103":{"start":{"line":252,"column":4},"end":{"line":252,"column":75}},"104":{"start":{"line":261,"column":2},"end":{"line":261,"column":63}},"105":{"start":{"line":273,"column":2},"end":{"line":459,"column":3}},"106":{"start":{"line":274,"column":18},"end":{"line":274,"column":58}},"107":{"start":{"line":277,"column":4},"end":{"line":277,"column":34}},"108":{"start":{"line":280,"column":4},"end":{"line":301,"column":5}},"109":{"start":{"line":282,"column":8},"end":{"line":282,"column":28}},"110":{"start":{"line":283,"column":8},"end":{"line":283,"column":31}},"111":{"start":{"line":284,"column":8},"end":{"line":284,"column":32}},"112":{"start":{"line":285,"column":8},"end":{"line":285,"column":14}},"113":{"start":{"line":287,"column":8},"end":{"line":287,"column":28}},"114":{"start":{"line":288,"column":8},"end":{"line":288,"column":31}},"115":{"start":{"line":289,"column":8},"end":{"line":289,"column":32}},"116":{"start":{"line":290,"column":8},"end":{"line":290,"column":14}},"117":{"start":{"line":292,"column":8},"end":{"line":292,"column":28}},"118":{"start":{"line":293,"column":8},"end":{"line":293,"column":31}},"119":{"start":{"line":294,"column":8},"end":{"line":294,"column":32}},"120":{"start":{"line":295,"column":8},"end":{"line":295,"column":14}},"121":{"start":{"line":297,"column":8},"end":{"line":300,"column":10}},"122":{"start":{"line":304,"column":4},"end":{"line":316,"column":5}},"123":{"start":{"line":306,"column":6},"end":{"line":309,"column":7}},"124":{"start":{"line":306,"column":24},"end":{"line":306,"column":25}},"125":{"start":{"line":307,"column":8},"end":{"line":307,"column":34}},"126":{"start":{"line":308,"column":8},"end":{"line":308,"column":44}},"127":{"start":{"line":312,"column":6},"end":{"line":315,"column":7}},"128":{"start":{"line":312,"column":19},"end":{"line":312,"column":20}},"129":{"start":{"line":313,"column":8},"end":{"line":313,"column":44}},"130":{"start":{"line":314,"column":8},"end":{"line":314,"column":45}},"131":{"start":{"line":319,"column":17},"end":{"line":319,"column":22}},"132":{"start":{"line":320,"column":4},"end":{"line":326,"column":5}},"133":{"start":{"line":320,"column":17},"end":{"line":320,"column":18}},"134":{"start":{"line":321,"column":6},"end":{"line":325,"column":7}},"135":{"start":{"line":321,"column":25},"end":{"line":321,"column":26}},"136":{"start":{"line":322,"column":8},"end":{"line":322,"column":62}},"137":{"start":{"line":323,"column":8},"end":{"line":323,"column":101}},"138":{"start":{"line":324,"column":8},"end":{"line":324,"column":17}},"139":{"start":{"line":329,"column":4},"end":{"line":329,"column":33}},"140":{"start":{"line":330,"column":4},"end":{"line":330,"column":34}},"141":{"start":{"line":334,"column":4},"end":{"line":334,"column":39}},"142":{"start":{"line":335,"column":4},"end":{"line":335,"column":39}},"143":{"start":{"line":336,"column":4},"end":{"line":336,"column":23}},"144":{"start":{"line":339,"column":4},"end":{"line":339,"column":29}},"145":{"start":{"line":342,"column":4},"end":{"line":342,"column":22}},"146":{"start":{"line":344,"column":21},"end":{"line":344,"column":22}},"147":{"start":{"line":347,"column":24},"end":{"line":347,"column":46}},"148":{"start":{"line":348,"column":20},"end":{"line":348,"column":21}},"149":{"start":{"line":350,"column":4},"end":{"line":434,"column":5}},"150":{"start":{"line":352,"column":24},"end":{"line":352,"column":64}},"151":{"start":{"line":353,"column":6},"end":{"line":355,"column":7}},"152":{"start":{"line":354,"column":8},"end":{"line":354,"column":14}},"153":{"start":{"line":357,"column":6},"end":{"line":357,"column":30}},"154":{"start":{"line":360,"column":6},"end":{"line":360,"column":69}},"155":{"start":{"line":361,"column":21},"end":{"line":361,"column":42}},"156":{"start":{"line":364,"column":6},"end":{"line":366,"column":7}},"157":{"start":{"line":365,"column":8},"end":{"line":365,"column":45}},"158":{"start":{"line":369,"column":6},"end":{"line":426,"column":7}},"159":{"start":{"line":369,"column":19},"end":{"line":369,"column":28}},"160":{"start":{"line":370,"column":8},"end":{"line":425,"column":9}},"161":{"start":{"line":371,"column":22},"end":{"line":371,"column":39}},"162":{"start":{"line":374,"column":10},"end":{"line":420,"column":11}},"163":{"start":{"line":376,"column":12},"end":{"line":415,"column":13}},"164":{"start":{"line":378,"column":14},"end":{"line":378,"column":53}},"165":{"start":{"line":379,"column":14},"end":{"line":379,"column":18}},"166":{"start":{"line":382,"column":17},"end":{"line":415,"column":13}},"167":{"start":{"line":384,"column":14},"end":{"line":384,"column":53}},"168":{"start":{"line":385,"column":14},"end":{"line":385,"column":18}},"169":{"start":{"line":389,"column":14},"end":{"line":414,"column":15}},"170":{"start":{"line":391,"column":16},"end":{"line":391,"column":63}},"171":{"start":{"line":392,"column":16},"end":{"line":392,"column":32}},"172":{"start":{"line":395,"column":38},"end":{"line":395,"column":48}},"173":{"start":{"line":396,"column":37},"end":{"line":396,"column":49}},"174":{"start":{"line":397,"column":32},"end":{"line":397,"column":53}},"175":{"start":{"line":400,"column":16},"end":{"line":409,"column":17}},"176":{"start":{"line":403,"column":18},"end":{"line":408,"column":19}},"177":{"start":{"line":405,"column":20},"end":{"line":405,"column":59}},"178":{"start":{"line":406,"column":20},"end":{"line":406,"column":24}},"179":{"start":{"line":407,"column":20},"end":{"line":407,"column":29}},"180":{"start":{"line":412,"column":16},"end":{"line":412,"column":66}},"181":{"start":{"line":413,"column":16},"end":{"line":413,"column":35}},"182":{"start":{"line":418,"column":12},"end":{"line":418,"column":51}},"183":{"start":{"line":419,"column":12},"end":{"line":419,"column":16}},"184":{"start":{"line":423,"column":10},"end":{"line":423,"column":49}},"185":{"start":{"line":424,"column":10},"end":{"line":424,"column":14}},"186":{"start":{"line":429,"column":6},"end":{"line":429,"column":43}},"187":{"start":{"line":430,"column":6},"end":{"line":433,"column":7}},"188":{"start":{"line":431,"column":8},"end":{"line":431,"column":65}},"189":{"start":{"line":432,"column":8},"end":{"line":432,"column":22}},"190":{"start":{"line":437,"column":4},"end":{"line":437,"column":67}},"191":{"start":{"line":440,"column":4},"end":{"line":442,"column":5}},"192":{"start":{"line":441,"column":6},"end":{"line":441,"column":23}},"193":{"start":{"line":445,"column":4},"end":{"line":445,"column":69}},"194":{"start":{"line":447,"column":4},"end":{"line":452,"column":6}},"195":{"start":{"line":455,"column":4},"end":{"line":458,"column":6}},"196":{"start":{"line":472,"column":2},"end":{"line":478,"column":4}}},"fnMap":{"0":{"name":"(anonymous_0)","decl":{"start":{"line":54,"column":2},"end":{"line":54,"column":14}},"loc":{"start":{"line":54,"column":62},"end":{"line":61,"column":3}}},"1":{"name":"bytePairHash","decl":{"start":{"line":67,"column":9},"end":{"line":67,"column":21}},"loc":{"start":{"line":67,"column":56},"end":{"line":69,"column":1}}},"2":{"name":"sortBuffer","decl":{"start":{"line":74,"column":9},"end":{"line":74,"column":19}},"loc":{"start":{"line":74,"column":84},"end":{"line":100,"column":1}}},"3":{"name":"flushBuf","decl":{"start":{"line":105,"column":9},"end":{"line":105,"column":17}},"loc":{"start":{"line":105,"column":42},"end":{"line":121,"column":1}}},"4":{"name":"outputBits","decl":{"start":{"line":126,"column":9},"end":{"line":126,"column":19}},"loc":{"start":{"line":126,"column":76},"end":{"line":163,"column":1}}},"5":{"name":"findRep","decl":{"start":{"line":168,"column":9},"end":{"line":168,"column":16}},"loc":{"start":{"line":168,"column":60},"end":{"line":231,"column":1}}},"6":{"name":"writeDistance","decl":{"start":{"line":236,"column":9},"end":{"line":236,"column":22}},"loc":{"start":{"line":236,"column":81},"end":{"line":254,"column":1}}},"7":{"name":"writeLiteral","decl":{"start":{"line":259,"column":9},"end":{"line":259,"column":21}},"loc":{"start":{"line":259,"column":60},"end":{"line":262,"column":1}}},"8":{"name":"implode","decl":{"start":{"line":267,"column":16},"end":{"line":267,"column":23}},"loc":{"start":{"line":271,"column":24},"end":{"line":460,"column":1}}},"9":{"name":"getImplodeSizeConstants","decl":{"start":{"line":465,"column":16},"end":{"line":465,"column":39}},"loc":{"start":{"line":465,"column":39},"end":{"line":479,"column":1}}}},"branchMap":{"0":{"loc":{"start":{"line":115,"column":2},"end":{"line":117,"column":3}},"type":"if","locations":[{"start":{"line":115,"column":2},"end":{"line":117,"column":3}},{"start":{},"end":{}}]},"1":{"loc":{"start":{"line":118,"column":2},"end":{"line":120,"column":3}},"type":"if","locations":[{"start":{"line":118,"column":2},"end":{"line":120,"column":3}},{"start":{},"end":{}}]},"2":{"loc":{"start":{"line":133,"column":2},"end":{"line":138,"column":3}},"type":"if","locations":[{"start":{"line":133,"column":2},"end":{"line":138,"column":3}},{"start":{},"end":{}}]},"3":{"loc":{"start":{"line":146,"column":2},"end":{"line":157,"column":3}},"type":"if","locations":[{"start":{"line":146,"column":2},"end":{"line":157,"column":3}},{"start":{"line":152,"column":9},"end":{"line":157,"column":3}}]},"4":{"loc":{"start":{"line":154,"column":4},"end":{"line":156,"column":5}},"type":"if","locations":[{"start":{"line":154,"column":4},"end":{"line":156,"column":5}},{"start":{},"end":{}}]},"5":{"loc":{"start":{"line":160,"column":2},"end":{"line":162,"column":3}},"type":"if","locations":[{"start":{"line":160,"column":2},"end":{"line":162,"column":3}},{"start":{},"end":{}}]},"6":{"loc":{"start":{"line":173,"column":2},"end":{"line":175,"column":3}},"type":"if","locations":[{"start":{"line":173,"column":2},"end":{"line":175,"column":3}},{"start":{},"end":{}}]},"7":{"loc":{"start":{"line":178,"column":18},"end":{"line":179,"column":57}},"type":"cond-expr","locations":[{"start":{"line":179,"column":4},"end":{"line":179,"column":32}},{"start":{"line":179,"column":35},"end":{"line":179,"column":57}}]},"8":{"loc":{"start":{"line":189,"column":4},"end":{"line":191,"column":5}},"type":"if","locations":[{"start":{"line":189,"column":4},"end":{"line":191,"column":5}},{"start":{},"end":{}}]},"9":{"loc":{"start":{"line":194,"column":4},"end":{"line":196,"column":5}},"type":"if","locations":[{"start":{"line":194,"column":4},"end":{"line":196,"column":5}},{"start":{},"end":{}}]},"10":{"loc":{"start":{"line":201,"column":4},"end":{"line":223,"column":5}},"type":"if","locations":[{"start":{"line":201,"column":4},"end":{"line":223,"column":5}},{"start":{},"end":{}}]},"11":{"loc":{"start":{"line":201,"column":8},"end":{"line":202,"column":87}},"type":"binary-expr","locations":[{"start":{"line":201,"column":8},"end":{"line":201,"column":42}},{"start":{"line":202,"column":9},"end":{"line":202,"column":24}},{"start":{"line":202,"column":28},"end":{"line":202,"column":86}}]},"12":{"loc":{"start":{"line":206,"column":13},"end":{"line":208,"column":73}},"type":"binary-expr","locations":[{"start":{"line":206,"column":13},"end":{"line":206,"column":39}},{"start":{"line":207,"column":13},"end":{"line":207,"column":51}},{"start":{"line":208,"column":13},"end":{"line":208,"column":73}}]},"13":{"loc":{"start":{"line":214,"column":6},"end":{"line":222,"column":7}},"type":"if","locations":[{"start":{"line":214,"column":6},"end":{"line":222,"column":7}},{"start":{},"end":{}}]},"14":{"loc":{"start":{"line":219,"column":8},"end":{"line":221,"column":9}},"type":"if","locations":[{"start":{"line":219,"column":8},"end":{"line":221,"column":9}},{"start":{},"end":{}}]},"15":{"loc":{"start":{"line":228,"column":12},"end":{"line":228,"column":42}},"type":"cond-expr","locations":[{"start":{"line":228,"column":29},"end":{"line":228,"column":38}},{"start":{"line":228,"column":41},"end":{"line":228,"column":42}}]},"16":{"loc":{"start":{"line":245,"column":2},"end":{"line":253,"column":3}},"type":"if","locations":[{"start":{"line":245,"column":2},"end":{"line":253,"column":3}},{"start":{"line":249,"column":9},"end":{"line":253,"column":3}}]},"17":{"loc":{"start":{"line":280,"column":4},"end":{"line":301,"column":5}},"type":"switch","locations":[{"start":{"line":281,"column":6},"end":{"line":285,"column":14}},{"start":{"line":286,"column":6},"end":{"line":290,"column":14}},{"start":{"line":291,"column":6},"end":{"line":295,"column":14}},{"start":{"line":296,"column":6},"end":{"line":300,"column":10}}]},"18":{"loc":{"start":{"line":304,"column":4},"end":{"line":316,"column":5}},"type":"if","locations":[{"start":{"line":304,"column":4},"end":{"line":316,"column":5}},{"start":{"line":310,"column":11},"end":{"line":316,"column":5}}]},"19":{"loc":{"start":{"line":353,"column":6},"end":{"line":355,"column":7}},"type":"if","locations":[{"start":{"line":353,"column":6},"end":{"line":355,"column":7}},{"start":{},"end":{}}]},"20":{"loc":{"start":{"line":364,"column":6},"end":{"line":366,"column":7}},"type":"if","locations":[{"start":{"line":364,"column":6},"end":{"line":366,"column":7}},{"start":{},"end":{}}]},"21":{"loc":{"start":{"line":370,"column":8},"end":{"line":425,"column":9}},"type":"if","locations":[{"start":{"line":370,"column":8},"end":{"line":425,"column":9}},{"start":{"line":421,"column":15},"end":{"line":425,"column":9}}]},"22":{"loc":{"start":{"line":374,"column":10},"end":{"line":420,"column":11}},"type":"if","locations":[{"start":{"line":374,"column":10},"end":{"line":420,"column":11}},{"start":{"line":416,"column":17},"end":{"line":420,"column":11}}]},"23":{"loc":{"start":{"line":374,"column":14},"end":{"line":374,"column":49}},"type":"binary-expr","locations":[{"start":{"line":374,"column":14},"end":{"line":374,"column":29}},{"start":{"line":374,"column":33},"end":{"line":374,"column":49}}]},"24":{"loc":{"start":{"line":376,"column":12},"end":{"line":415,"column":13}},"type":"if","locations":[{"start":{"line":376,"column":12},"end":{"line":415,"column":13}},{"start":{"line":382,"column":17},"end":{"line":415,"column":13}}]},"25":{"loc":{"start":{"line":376,"column":16},"end":{"line":376,"column":57}},"type":"binary-expr","locations":[{"start":{"line":376,"column":16},"end":{"line":376,"column":32}},{"start":{"line":376,"column":36},"end":{"line":376,"column":57}}]},"26":{"loc":{"start":{"line":382,"column":17},"end":{"line":415,"column":13}},"type":"if","locations":[{"start":{"line":382,"column":17},"end":{"line":415,"column":13}},{"start":{"line":387,"column":17},"end":{"line":415,"column":13}}]},"27":{"loc":{"start":{"line":389,"column":14},"end":{"line":414,"column":15}},"type":"if","locations":[{"start":{"line":389,"column":14},"end":{"line":414,"column":15}},{"start":{"line":393,"column":21},"end":{"line":414,"column":15}}]},"28":{"loc":{"start":{"line":389,"column":18},"end":{"line":389,"column":52}},"type":"binary-expr","locations":[{"start":{"line":389,"column":18},"end":{"line":389,"column":33}},{"start":{"line":389,"column":37},"end":{"line":389,"column":52}}]},"29":{"loc":{"start":{"line":400,"column":16},"end":{"line":409,"column":17}},"type":"if","locations":[{"start":{"line":400,"column":16},"end":{"line":409,"column":17}},{"start":{},"end":{}}]},"30":{"loc":{"start":{"line":403,"column":18},"end":{"line":408,"column":19}},"type":"if","locations":[{"start":{"line":403,"column":18},"end":{"line":408,"column":19}},{"start":{},"end":{}}]},"31":{"loc":{"start":{"line":403,"column":22},"end":{"line":403,"column":79}},"type":"binary-expr","locations":[{"start":{"line":403,"column":22},"end":{"line":403,"column":56}},{"start":{"line":403,"column":60},"end":{"line":403,"column":79}}]},"32":{"loc":{"start":{"line":430,"column":6},"end":{"line":433,"column":7}},"type":"if","locations":[{"start":{"line":430,"column":6},"end":{"line":433,"column":7}},{"start":{},"end":{}}]},"33":{"loc":{"start":{"line":430,"column":10},"end":{"line":430,"column":57}},"type":"binary-expr","locations":[{"start":{"line":430,"column":10},"end":{"line":430,"column":23}},{"start":{"line":430,"column":27},"end":{"line":430,"column":57}}]},"34":{"loc":{"start":{"line":440,"column":4},"end":{"line":442,"column":5}},"type":"if","locations":[{"start":{"line":440,"column":4},"end":{"line":442,"column":5}},{"start":{},"end":{}}]}},"s":{"0":22,"1":22,"2":22,"3":22,"4":22,"5":38,"6":38,"7":38,"8":38,"9":38,"10":38,"11":38,"12":38,"13":38,"14":38,"15":38,"16":38,"17":38,"18":38,"19":38,"20":38,"21":38,"22":38,"23":38,"24":93859,"25":35,"26":35,"27":35,"28":35,"29":35470,"30":35470,"31":35,"32":35,"33":80640,"34":80640,"35":35,"36":35,"37":35470,"38":35470,"39":35470,"40":35470,"41":7,"42":7,"43":7,"44":7,"45":7,"46":7,"47":7,"48":0,"49":7,"50":7,"51":43920,"52":43920,"53":16731,"54":16731,"55":16731,"56":43920,"57":43920,"58":43920,"59":43920,"60":19853,"61":19853,"62":19853,"63":19853,"64":24067,"65":24067,"66":5474,"67":43920,"68":7,"69":22919,"70":22919,"71":22919,"72":22919,"73":0,"74":22919,"75":22919,"76":22919,"77":22919,"78":22919,"79":22919,"80":86884,"81":86884,"82":3980,"83":82904,"84":22050,"85":60854,"86":60854,"87":29861,"88":29861,"89":380298,"90":29861,"91":26382,"92":26382,"93":26382,"94":869,"95":22919,"96":3352,"97":3352,"98":3352,"99":3352,"100":432,"101":432,"102":2920,"103":2920,"104":17097,"105":38,"106":38,"107":38,"108":38,"109":14,"110":14,"111":14,"112":14,"113":5,"114":5,"115":5,"116":5,"117":18,"118":18,"119":18,"120":18,"121":1,"122":37,"123":34,"124":34,"125":8704,"126":8704,"127":3,"128":3,"129":768,"130":768,"131":37,"132":37,"133":37,"134":592,"135":592,"136":19166,"137":19166,"138":19166,"139":37,"140":37,"141":37,"142":37,"143":37,"144":37,"145":37,"146":37,"147":37,"148":37,"149":37,"150":72,"151":71,"152":36,"153":35,"154":35,"155":35,"156":35,"157":35,"158":35,"159":35,"160":20449,"161":20429,"162":20429,"163":4831,"164":432,"165":432,"166":4399,"167":913,"168":913,"169":3486,"170":996,"171":996,"172":2490,"173":2490,"174":2490,"175":2490,"176":173,"177":134,"178":134,"179":134,"180":2356,"181":2356,"182":15598,"183":15598,"184":20,"185":20,"186":35,"187":35,"188":35,"189":35,"190":36,"191":36,"192":28,"193":36,"194":35,"195":2,"196":1},"f":{"0":38,"1":93859,"2":35,"3":7,"4":43920,"5":22919,"6":3352,"7":17097,"8":38,"9":1},"b":{"0":[0,7],"1":[7,0],"2":[16731,27189],"3":[19853,24067],"4":[5474,18593],"5":[7,43913],"6":[0,22919],"7":[22919,0],"8":[3980,82904],"9":[22050,60854],"10":[29861,30993],"11":[60854,37791,30713],"12":[410159,409677,409677],"13":[26382,3479],"14":[869,25513],"15":[7078,15841],"16":[432,2920],"17":[14,5,18,1],"18":[34,3],"19":[36,35],"20":[35,0],"21":[20429,20],"22":[4831,15598],"23":[20429,4831],"24":[432,4399],"25":[4831,965],"26":[913,3486],"27":[996,2490],"28":[3486,2490],"29":[173,2317],"30":[134,39],"31":[173,68],"32":[35,0],"33":[35,35],"34":[28,8]}}
}
