TN:
SF:src/index.ts
FN:10,(anonymous_4)
FN:13,(anonymous_5)
FN:13,(anonymous_6)
FN:14,(anonymous_7)
FN:14,(anonymous_8)
FN:17,(anonymous_9)
FN:18,(anonymous_10)
FN:27,crc32_pklib
FN:108,getCommonSizeConstants
FNF:9
FNH:4
FNDA:0,(anonymous_4)
FNDA:1,(anonymous_5)
FNDA:0,(anonymous_6)
FNDA:6,(anonymous_7)
FNDA:0,(anonymous_8)
FNDA:0,(anonymous_9)
FNDA:0,(anonymous_10)
FNDA:17,crc32_pklib
FNDA:1,getCommonSizeConstants
DA:7,2
DA:10,2
DA:13,3
DA:14,8
DA:17,2
DA:18,2
DA:21,2
DA:27,2
DA:29,17
DA:96,17
DA:98,17
DA:99,1212
DA:102,17
DA:108,2
DA:113,1
LF:15
LH:15
BRDA:27,0,0,15
BRF:1
BRH:1
end_of_record
TN:
SF:src/types.ts
FN:11,(anonymous_0)
FN:20,(anonymous_1)
FN:26,(anonymous_2)
FN:33,(anonymous_3)
FN:40,(anonymous_4)
FN:48,(anonymous_5)
FNF:6
FNH:6
FNDA:38,(anonymous_0)
FNDA:38,(anonymous_1)
FNDA:38,(anonymous_2)
FNDA:38,(anonymous_3)
FNDA:38,(anonymous_4)
FNDA:38,(anonymous_5)
DA:7,38
DA:8,38
DA:11,38
DA:12,38
DA:13,38
DA:14,38
DA:15,38
DA:16,38
DA:20,38
DA:21,38
DA:22,38
DA:26,38
DA:27,38
DA:28,38
DA:29,38
DA:33,38
DA:34,38
DA:35,38
DA:36,38
DA:40,38
DA:41,38
DA:42,38
DA:43,38
DA:44,38
DA:48,38
DA:49,38
DA:50,38
DA:51,38
DA:55,38
DA:56,38
DA:57,38
DA:58,38
DA:59,38
DA:62,38
DA:63,38
LF:35
LH:35
BRDA:11,0,0,38
BRDA:11,0,1,38
BRDA:20,1,0,38
BRDA:20,1,1,38
BRDA:26,2,0,38
BRDA:26,2,1,38
BRDA:33,3,0,38
BRDA:33,3,1,38
BRDA:40,4,0,38
BRDA:40,4,1,38
BRDA:48,5,0,38
BRDA:48,5,1,38
BRF:12
BRH:12
end_of_record
TN:
SF:src/PKWareLUT/PKWareLUTs.ts
FN:94,getLUTSizeConstants
FNF:1
FNH:0
FNDA:0,getLUTSizeConstants
DA:6,38
DA:8,38
DA:15,38
DA:22,38
DA:26,38
DA:31,38
DA:35,38
DA:39,38
DA:58,38
DA:94,38
DA:100,0
LF:11
LH:10
BRF:0
BRH:0
end_of_record
TN:
SF:src/common/BitStream.ts
FN:14,(anonymous_0)
FN:23,(anonymous_1)
FN:31,(anonymous_2)
FN:46,(anonymous_3)
FN:74,(anonymous_4)
FN:81,(anonymous_5)
FN:88,(anonymous_6)
FN:95,(anonymous_7)
FN:102,(anonymous_8)
FN:109,(anonymous_9)
FNF:10
FNH:6
FNDA:31,(anonymous_0)
FNDA:31,(anonymous_1)
FNDA:31958,(anonymous_2)
FNDA:64664,(anonymous_3)
FNDA:0,(anonymous_4)
FNDA:40801,(anonymous_5)
FNDA:0,(anonymous_6)
FNDA:23863,(anonymous_7)
FNDA:0,(anonymous_8)
FNDA:0,(anonymous_9)
DA:6,22
DA:7,31
DA:8,31
DA:10,31
DA:11,31
DA:15,31
DA:16,31
DA:24,31
DA:25,31
DA:32,31958
DA:33,67
DA:34,67
DA:35,67
DA:36,31
DA:39,31927
DA:48,64664
DA:49,32706
DA:50,32706
DA:51,32706
DA:55,31958
DA:56,31
DA:61,31927
DA:62,31927
DA:65,31927
DA:66,31927
DA:68,31927
DA:75,0
DA:82,40801
DA:89,0
DA:96,23863
DA:103,0
DA:110,0
DA:111,0
DA:112,0
DA:113,0
LF:35
LH:28
BRDA:14,0,0,31
BRDA:32,1,0,67
BRDA:32,1,1,31891
BRDA:35,2,0,31
BRDA:35,2,1,36
BRDA:48,3,0,32706
BRDA:48,3,1,31958
BRDA:55,4,0,31
BRDA:55,4,1,31927
BRF:9
BRH:9
end_of_record
TN:
SF:src/common/SlidingWindow.ts
FN:11,(anonymous_0)
FN:19,(anonymous_1)
FN:27,(anonymous_2)
FN:37,(anonymous_3)
FN:45,(anonymous_4)
FN:59,(anonymous_5)
FN:66,(anonymous_6)
FN:73,(anonymous_7)
FN:81,(anonymous_8)
FN:88,(anonymous_9)
FN:95,(anonymous_10)
FNF:11
FNH:3
FNDA:31,(anonymous_0)
FNDA:55871,(anonymous_1)
FNDA:0,(anonymous_2)
FNDA:40087,(anonymous_3)
FNDA:0,(anonymous_4)
FNDA:0,(anonymous_5)
FNDA:0,(anonymous_6)
FNDA:0,(anonymous_7)
FNDA:0,(anonymous_8)
FNDA:0,(anonymous_9)
FNDA:0,(anonymous_10)
DA:6,22
DA:8,31
DA:12,31
DA:13,31
DA:20,55871
DA:21,55871
DA:28,0
DA:29,0
DA:30,0
DA:38,40087
DA:39,40087
DA:46,0
DA:47,0
DA:48,0
DA:49,0
DA:50,0
DA:51,0
DA:53,0
DA:60,0
DA:67,0
DA:74,0
DA:75,0
DA:82,0
DA:89,0
DA:96,0
DA:97,0
DA:98,0
LF:27
LH:8
BRDA:27,0,0,0
BRDA:28,1,0,0
BRDA:28,1,1,0
BRDA:47,2,0,0
BRDA:47,2,1,0
BRDA:95,3,0,0
BRF:6
BRH:0
end_of_record
TN:
SF:src/explode/explode.ts
FN:56,(anonymous_0)
FN:72,genDecodeTabs
FN:89,genAscTabs
FN:147,decodeLit
FN:248,decodeDist
FN:280,explode
FN:434,getExplodeSizeConstants
FNF:7
FNH:7
FNDA:31,(anonymous_0)
FNDA:62,genDecodeTabs
FNDA:6,genAscTabs
FNDA:23863,decodeLit
FNDA:8050,decodeDist
FNDA:43,explode
FNDA:1,getExplodeSizeConstants
DA:6,22
DA:18,22
DA:19,22
DA:20,22
DA:35,31
DA:36,31
DA:37,31
DA:38,31
DA:44,31
DA:45,31
DA:46,31
DA:47,31
DA:48,31
DA:49,31
DA:50,31
DA:51,31
DA:52,31
DA:53,31
DA:54,31
DA:57,31
DA:58,31
DA:61,31
DA:62,31
DA:63,31
DA:64,31
DA:65,31
DA:78,62
DA:79,2480
DA:80,2480
DA:81,15872
DA:90,6
DA:91,1536
DA:92,1536
DA:94,1536
DA:95,414
DA:96,414
DA:98,414
DA:99,1452
DA:100,1452
DA:102,1122
DA:103,930
DA:105,930
DA:106,516
DA:107,516
DA:109,516
DA:110,516
DA:111,516
DA:112,960
DA:113,960
DA:116,414
DA:117,414
DA:119,414
DA:120,414
DA:121,414
DA:122,576
DA:123,576
DA:127,192
DA:128,192
DA:130,192
DA:131,192
DA:132,192
DA:133,1536
DA:134,1536
DA:149,23863
DA:151,8078
DA:152,0
DA:156,8078
DA:159,8078
DA:160,0
DA:164,8078
DA:165,8078
DA:166,815
DA:168,815
DA:169,28
DA:172,787
DA:179,787
DA:182,7263
DA:189,7263
DA:192,15785
DA:193,0
DA:194,0
DA:198,15785
DA:200,2134
DA:201,2134
DA:202,25
DA:203,25
DA:204,0
DA:207,25
DA:208,25
DA:209,0
DA:212,25
DA:214,0
DA:215,0
DA:218,0
DA:219,0
DA:220,0
DA:223,0
DA:226,2109
DA:227,2109
DA:228,1
DA:231,2108
DA:235,13651
DA:236,13651
DA:237,0
DA:240,13651
DA:250,8050
DA:251,8050
DA:253,8050
DA:254,2
DA:257,8048
DA:259,2221
DA:260,2221
DA:261,0
DA:264,2221
DA:267,5827
DA:268,5827
DA:269,0
DA:272,5827
DA:280,22
DA:284,43
DA:286,43
DA:287,43
DA:289,42
DA:290,6
DA:297,36
DA:298,36
DA:299,36
DA:302,36
DA:303,1
DA:311,35
DA:312,11
DA:313,2
DA:314,18
DA:316,4
DA:323,31
DA:326,31
DA:327,31
DA:328,31
DA:331,31
DA:334,31
DA:335,31
DA:337,31
DA:338,6
DA:341,31
DA:342,31
DA:343,31
DA:346,31
DA:347,31
DA:348,23863
DA:349,23863
DA:351,23863
DA:353,29
DA:354,29
DA:357,23834
DA:359,0
DA:360,0
DA:363,23834
DA:365,15784
DA:366,15784
DA:367,15784
DA:369,15784
DA:370,0
DA:371,0
DA:372,0
DA:373,0
DA:377,8050
DA:378,8050
DA:380,8050
DA:381,2
DA:382,2
DA:385,8048
DA:386,40087
DA:387,40087
DA:388,40087
DA:389,40087
DA:391,40087
DA:392,5
DA:393,5
DA:394,5
DA:395,5
DA:402,31
DA:403,26
DA:404,26
DA:405,26
DA:409,31
DA:410,31
DA:411,31
DA:412,31
DA:413,31
DA:416,31
DA:424,1
DA:434,22
DA:444,1
LF:193
LH:172
BRDA:94,0,0,414
BRDA:94,0,1,1122
BRDA:102,1,0,930
BRDA:102,1,1,192
BRDA:105,2,0,516
BRDA:105,2,1,414
BRDA:149,3,0,8078
BRDA:149,3,1,15785
BRDA:151,4,0,0
BRDA:151,4,1,8078
BRDA:159,5,0,0
BRDA:159,5,1,8078
BRDA:165,6,0,815
BRDA:165,6,1,7263
BRDA:168,7,0,28
BRDA:168,7,1,787
BRDA:192,8,0,0
BRDA:192,8,1,15785
BRDA:198,9,0,2134
BRDA:198,9,1,13651
BRDA:201,10,0,25
BRDA:201,10,1,2109
BRDA:202,11,0,25
BRDA:202,11,1,0
BRDA:203,12,0,0
BRDA:203,12,1,25
BRDA:208,13,0,0
BRDA:208,13,1,25
BRDA:214,14,0,0
BRDA:214,14,1,0
BRDA:219,15,0,0
BRDA:219,15,1,0
BRDA:227,16,0,1
BRDA:227,16,1,2108
BRDA:236,17,0,0
BRDA:236,17,1,13651
BRDA:253,18,0,2
BRDA:253,18,1,8048
BRDA:257,19,0,2221
BRDA:257,19,1,5827
BRDA:260,20,0,0
BRDA:260,20,1,2221
BRDA:268,21,0,0
BRDA:268,21,1,5827
BRDA:289,22,0,6
BRDA:289,22,1,36
BRDA:302,23,0,1
BRDA:302,23,1,35
BRDA:302,24,0,36
BRDA:302,24,1,8
BRDA:311,25,0,11
BRDA:311,25,1,2
BRDA:311,25,2,18
BRDA:311,25,3,4
BRDA:337,26,0,6
BRDA:337,26,1,25
BRDA:351,27,0,29
BRDA:351,27,1,23834
BRDA:357,28,0,0
BRDA:357,28,1,23834
BRDA:363,29,0,15784
BRDA:363,29,1,8050
BRDA:369,30,0,0
BRDA:369,30,1,15784
BRDA:380,31,0,2
BRDA:380,31,1,8048
BRDA:391,32,0,5
BRDA:391,32,1,40082
BRDA:402,33,0,26
BRDA:402,33,1,5
BRF:70
BRH:55
end_of_record
TN:
SF:src/implode/implode.ts
FN:54,(anonymous_0)
FN:67,bytePairHash
FN:74,sortBuffer
FN:105,flushBuf
FN:126,outputBits
FN:168,findRep
FN:236,writeDistance
FN:259,writeLiteral
FN:267,implode
FN:465,getImplodeSizeConstants
FNF:10
FNH:10
FNDA:38,(anonymous_0)
FNDA:93859,bytePairHash
FNDA:35,sortBuffer
FNDA:7,flushBuf
FNDA:43920,outputBits
FNDA:22919,findRep
FNDA:3352,writeDistance
FNDA:17097,writeLiteral
FNDA:38,implode
FNDA:1,getImplodeSizeConstants
DA:6,22
DA:17,22
DA:27,22
DA:33,38
DA:34,38
DA:35,38
DA:36,38
DA:37,38
DA:38,38
DA:39,38
DA:41,38
DA:42,38
DA:43,38
DA:44,38
DA:49,38
DA:50,38
DA:51,38
DA:52,38
DA:55,38
DA:56,38
DA:59,38
DA:60,38
DA:68,93859
DA:75,35
DA:78,35
DA:81,35
DA:82,35470
DA:83,35470
DA:87,35
DA:88,80640
DA:89,80640
DA:93,35
DA:94,35470
DA:95,35470
DA:97,35470
DA:98,35470
DA:106,7
DA:107,7
DA:109,7
DA:110,7
DA:111,7
DA:113,7
DA:115,7
DA:116,0
DA:118,7
DA:119,7
DA:130,43920
DA:133,43920
DA:134,16731
DA:135,16731
DA:136,16731
DA:141,43920
DA:142,43920
DA:143,43920
DA:146,43920
DA:147,19853
DA:148,19853
DA:150,19853
DA:151,19853
DA:153,24067
DA:154,24067
DA:155,5474
DA:160,43920
DA:161,7
DA:169,22919
DA:170,22919
DA:171,22919
DA:173,22919
DA:174,0
DA:177,22919
DA:178,22919
DA:181,22919
DA:182,22919
DA:185,22919
DA:186,86884
DA:189,86884
DA:190,3980
DA:194,82904
DA:195,22050
DA:198,60854
DA:201,60854
DA:205,29861
DA:206,29861
DA:209,380298
DA:214,29861
DA:215,26382
DA:216,26382
DA:219,26382
DA:220,869
DA:227,22919
DA:238,3352
DA:241,3352
DA:242,3352
DA:245,3352
DA:247,432
DA:248,432
DA:251,2920
DA:252,2920
DA:261,17097
DA:267,22
DA:273,38
DA:274,38
DA:277,38
DA:280,38
DA:282,14
DA:283,14
DA:284,14
DA:285,14
DA:287,5
DA:288,5
DA:289,5
DA:290,5
DA:292,18
DA:293,18
DA:294,18
DA:295,18
DA:297,1
DA:304,37
DA:306,34
DA:307,8704
DA:308,8704
DA:312,3
DA:313,768
DA:314,768
DA:319,37
DA:320,37
DA:321,592
DA:322,19166
DA:323,19166
DA:324,19166
DA:329,37
DA:330,37
DA:334,37
DA:335,37
DA:336,37
DA:339,37
DA:342,37
DA:344,37
DA:347,37
DA:348,37
DA:350,37
DA:352,72
DA:353,71
DA:354,36
DA:357,35
DA:360,35
DA:361,35
DA:364,35
DA:365,35
DA:369,35
DA:370,20449
DA:371,20429
DA:374,20429
DA:376,4831
DA:378,432
DA:379,432
DA:382,4399
DA:384,913
DA:385,913
DA:389,3486
DA:391,996
DA:392,996
DA:395,2490
DA:396,2490
DA:397,2490
DA:400,2490
DA:403,173
DA:405,134
DA:406,134
DA:407,134
DA:412,2356
DA:413,2356
DA:418,15598
DA:419,15598
DA:423,20
DA:424,20
DA:429,35
DA:430,35
DA:431,35
DA:432,35
DA:437,36
DA:440,36
DA:441,28
DA:445,36
DA:447,35
DA:455,2
DA:465,22
DA:472,1
LF:188
LH:186
BRDA:115,0,0,0
BRDA:115,0,1,7
BRDA:118,1,0,7
BRDA:118,1,1,0
BRDA:133,2,0,16731
BRDA:133,2,1,27189
BRDA:146,3,0,19853
BRDA:146,3,1,24067
BRDA:154,4,0,5474
BRDA:154,4,1,18593
BRDA:160,5,0,7
BRDA:160,5,1,43913
BRDA:173,6,0,0
BRDA:173,6,1,22919
BRDA:178,7,0,22919
BRDA:178,7,1,0
BRDA:189,8,0,3980
BRDA:189,8,1,82904
BRDA:194,9,0,22050
BRDA:194,9,1,60854
BRDA:201,10,0,29861
BRDA:201,10,1,30993
BRDA:201,11,0,60854
BRDA:201,11,1,37791
BRDA:201,11,2,30713
BRDA:206,12,0,410159
BRDA:206,12,1,409677
BRDA:206,12,2,409677
BRDA:214,13,0,26382
BRDA:214,13,1,3479
BRDA:219,14,0,869
BRDA:219,14,1,25513
BRDA:228,15,0,7078
BRDA:228,15,1,15841
BRDA:245,16,0,432
BRDA:245,16,1,2920
BRDA:280,17,0,14
BRDA:280,17,1,5
BRDA:280,17,2,18
BRDA:280,17,3,1
BRDA:304,18,0,34
BRDA:304,18,1,3
BRDA:353,19,0,36
BRDA:353,19,1,35
BRDA:364,20,0,35
BRDA:364,20,1,0
BRDA:370,21,0,20429
BRDA:370,21,1,20
BRDA:374,22,0,4831
BRDA:374,22,1,15598
BRDA:374,23,0,20429
BRDA:374,23,1,4831
BRDA:376,24,0,432
BRDA:376,24,1,4399
BRDA:376,25,0,4831
BRDA:376,25,1,965
BRDA:382,26,0,913
BRDA:382,26,1,3486
BRDA:389,27,0,996
BRDA:389,27,1,2490
BRDA:389,28,0,3486
BRDA:389,28,1,2490
BRDA:400,29,0,173
BRDA:400,29,1,2317
BRDA:403,30,0,134
BRDA:403,30,1,39
BRDA:403,31,0,173
BRDA:403,31,1,68
BRDA:430,32,0,35
BRDA:430,32,1,0
BRDA:430,33,0,35
BRDA:430,33,1,35
BRDA:440,34,0,28
BRDA:440,34,1,8
BRF:74
BRH:68
end_of_record
